{"/Users/quincarter/Documents/Dev/app-shell-starter/dist/detect-color-scheme.js": {"path":"/Users/quincarter/Documents/Dev/app-shell-starter/dist/detect-color-scheme.js","all":true,"statementMap":{"0":{"start":{"line":1,"column":0},"end":{"line":1,"column":40}},"1":{"start":{"line":2,"column":0},"end":{"line":2,"column":30}},"2":{"start":{"line":3,"column":0},"end":{"line":3,"column":41}},"4":{"start":{"line":5,"column":0},"end":{"line":5,"column":55}},"5":{"start":{"line":6,"column":0},"end":{"line":6,"column":38}},"6":{"start":{"line":7,"column":0},"end":{"line":7,"column":50}},"7":{"start":{"line":8,"column":0},"end":{"line":8,"column":25}},"8":{"start":{"line":9,"column":0},"end":{"line":9,"column":5}},"9":{"start":{"line":10,"column":0},"end":{"line":10,"column":34}},"10":{"start":{"line":11,"column":0},"end":{"line":11,"column":37}},"11":{"start":{"line":12,"column":0},"end":{"line":12,"column":17}},"12":{"start":{"line":13,"column":0},"end":{"line":13,"column":73}},"13":{"start":{"line":14,"column":0},"end":{"line":14,"column":39}},"14":{"start":{"line":15,"column":0},"end":{"line":15,"column":23}},"15":{"start":{"line":16,"column":0},"end":{"line":16,"column":3}},"17":{"start":{"line":18,"column":0},"end":{"line":18,"column":68}},"18":{"start":{"line":19,"column":0},"end":{"line":19,"column":24}},"19":{"start":{"line":20,"column":0},"end":{"line":20,"column":64}},"20":{"start":{"line":21,"column":0},"end":{"line":21,"column":3}},"21":{"start":{"line":22,"column":0},"end":{"line":22,"column":1}},"22":{"start":{"line":23,"column":0},"end":{"line":23,"column":20}}},"s":{"0":0,"1":0,"2":0,"4":0,"5":0,"6":0,"7":0,"8":0,"9":0,"10":0,"11":0,"12":0,"13":0,"14":0,"15":0,"17":0,"18":0,"19":0,"20":0,"21":0,"22":0},"branchMap":{"0":{"type":"branch","line":1,"loc":{"start":{"line":1,"column":0},"end":{"line":23,"column":20}},"locations":[{"start":{"line":1,"column":0},"end":{"line":23,"column":20}}]}},"b":{"0":[0]},"fnMap":{"0":{"name":"(empty-report)","decl":{"start":{"line":1,"column":0},"end":{"line":23,"column":20}},"loc":{"start":{"line":1,"column":0},"end":{"line":23,"column":20}},"line":1}},"f":{"0":0}}
,"/Users/quincarter/Documents/Dev/app-shell-starter/dist/registerSW.js": {"path":"/Users/quincarter/Documents/Dev/app-shell-starter/dist/registerSW.js","all":true,"statementMap":{"0":{"start":{"line":1,"column":0},"end":{"line":1,"column":170}}},"s":{"0":0},"branchMap":{"0":{"type":"branch","line":1,"loc":{"start":{"line":1,"column":0},"end":{"line":1,"column":170}},"locations":[{"start":{"line":1,"column":0},"end":{"line":1,"column":170}}]}},"b":{"0":[0]},"fnMap":{"0":{"name":"(empty-report)","decl":{"start":{"line":1,"column":0},"end":{"line":1,"column":170}},"loc":{"start":{"line":1,"column":0},"end":{"line":1,"column":170}},"line":1}},"f":{"0":0}}
,"/Users/quincarter/Documents/Dev/app-shell-starter/dist/sw.js": {"path":"/Users/quincarter/Documents/Dev/app-shell-starter/dist/sw.js","all":true,"statementMap":{"0":{"start":{"line":1,"column":0},"end":{"line":1,"column":1827}}},"s":{"0":0},"branchMap":{"0":{"type":"branch","line":1,"loc":{"start":{"line":1,"column":0},"end":{"line":1,"column":1827}},"locations":[{"start":{"line":1,"column":0},"end":{"line":1,"column":1827}}]}},"b":{"0":[0]},"fnMap":{"0":{"name":"(empty-report)","decl":{"start":{"line":1,"column":0},"end":{"line":1,"column":1827}},"loc":{"start":{"line":1,"column":0},"end":{"line":1,"column":1827}},"line":1}},"f":{"0":0}}
,"/Users/quincarter/Documents/Dev/app-shell-starter/dist/workbox-5ffe50d4.js": {"path":"/Users/quincarter/Documents/Dev/app-shell-starter/dist/workbox-5ffe50d4.js","all":true,"statementMap":{"0":{"start":{"line":1,"column":0},"end":{"line":1,"column":15073}}},"s":{"0":0},"branchMap":{"0":{"type":"branch","line":1,"loc":{"start":{"line":1,"column":0},"end":{"line":1,"column":15049}},"locations":[{"start":{"line":1,"column":0},"end":{"line":1,"column":15049}}]}},"b":{"0":[0]},"fnMap":{"0":{"name":"(empty-report)","decl":{"start":{"line":1,"column":0},"end":{"line":1,"column":15049}},"loc":{"start":{"line":1,"column":0},"end":{"line":1,"column":15049}},"line":1}},"f":{"0":0}}
,"/Users/quincarter/Documents/Dev/app-shell-starter/dist/src/card-examples-CUEVV-kl.js": {"path":"/Users/quincarter/Documents/Dev/app-shell-starter/dist/src/card-examples-CUEVV-kl.js","all":true,"statementMap":{"0":{"start":{"line":1,"column":0},"end":{"line":1,"column":1914}},"1":{"start":{"line":2,"column":0},"end":{"line":2,"column":36}},"2":{"start":{"line":3,"column":0},"end":{"line":3,"column":23}},"3":{"start":{"line":4,"column":0},"end":{"line":4,"column":251}},"4":{"start":{"line":5,"column":0},"end":{"line":5,"column":27}},"5":{"start":{"line":6,"column":0},"end":{"line":6,"column":27}},"6":{"start":{"line":7,"column":0},"end":{"line":7,"column":11}},"7":{"start":{"line":8,"column":0},"end":{"line":8,"column":35}},"8":{"start":{"line":9,"column":0},"end":{"line":9,"column":45}},"9":{"start":{"line":10,"column":0},"end":{"line":10,"column":18}},"10":{"start":{"line":11,"column":0},"end":{"line":11,"column":39}},"11":{"start":{"line":12,"column":0},"end":{"line":12,"column":36}},"12":{"start":{"line":13,"column":0},"end":{"line":13,"column":47}},"13":{"start":{"line":14,"column":0},"end":{"line":14,"column":18}},"14":{"start":{"line":15,"column":0},"end":{"line":15,"column":25}},"15":{"start":{"line":16,"column":0},"end":{"line":16,"column":23}},"16":{"start":{"line":17,"column":0},"end":{"line":17,"column":251}},"17":{"start":{"line":18,"column":0},"end":{"line":18,"column":27}},"18":{"start":{"line":19,"column":0},"end":{"line":19,"column":27}},"19":{"start":{"line":20,"column":0},"end":{"line":20,"column":44}},"20":{"start":{"line":21,"column":0},"end":{"line":21,"column":28}},"21":{"start":{"line":22,"column":0},"end":{"line":22,"column":51}},"22":{"start":{"line":23,"column":0},"end":{"line":23,"column":11}},"23":{"start":{"line":24,"column":0},"end":{"line":24,"column":35}},"24":{"start":{"line":25,"column":0},"end":{"line":25,"column":46}},"25":{"start":{"line":26,"column":0},"end":{"line":26,"column":18}},"26":{"start":{"line":27,"column":0},"end":{"line":27,"column":51}},"27":{"start":{"line":28,"column":0},"end":{"line":28,"column":36}},"28":{"start":{"line":29,"column":0},"end":{"line":29,"column":47}},"29":{"start":{"line":30,"column":0},"end":{"line":30,"column":18}},"30":{"start":{"line":31,"column":0},"end":{"line":31,"column":25}},"31":{"start":{"line":32,"column":0},"end":{"line":32,"column":23}},"32":{"start":{"line":33,"column":0},"end":{"line":33,"column":26}},"33":{"start":{"line":34,"column":0},"end":{"line":34,"column":25}},"34":{"start":{"line":35,"column":0},"end":{"line":35,"column":28}},"35":{"start":{"line":36,"column":0},"end":{"line":36,"column":251}},"36":{"start":{"line":37,"column":0},"end":{"line":37,"column":27}},"37":{"start":{"line":38,"column":0},"end":{"line":38,"column":28}},"38":{"start":{"line":39,"column":0},"end":{"line":39,"column":29}},"39":{"start":{"line":40,"column":0},"end":{"line":40,"column":41}},"40":{"start":{"line":41,"column":0},"end":{"line":41,"column":22}},"41":{"start":{"line":42,"column":0},"end":{"line":42,"column":51}},"42":{"start":{"line":43,"column":0},"end":{"line":43,"column":11}},"43":{"start":{"line":44,"column":0},"end":{"line":44,"column":35}},"44":{"start":{"line":45,"column":0},"end":{"line":45,"column":76}},"45":{"start":{"line":46,"column":0},"end":{"line":46,"column":18}},"46":{"start":{"line":47,"column":0},"end":{"line":47,"column":56}},"47":{"start":{"line":48,"column":0},"end":{"line":48,"column":68}},"48":{"start":{"line":49,"column":0},"end":{"line":49,"column":25}},"49":{"start":{"line":50,"column":0},"end":{"line":50,"column":23}},"50":{"start":{"line":51,"column":0},"end":{"line":51,"column":44}},"51":{"start":{"line":52,"column":0},"end":{"line":52,"column":251}},"52":{"start":{"line":53,"column":0},"end":{"line":53,"column":27}},"53":{"start":{"line":54,"column":0},"end":{"line":54,"column":29}},"54":{"start":{"line":55,"column":0},"end":{"line":55,"column":28}},"55":{"start":{"line":56,"column":0},"end":{"line":56,"column":22}},"56":{"start":{"line":57,"column":0},"end":{"line":57,"column":27}},"57":{"start":{"line":58,"column":0},"end":{"line":58,"column":50}},"58":{"start":{"line":59,"column":0},"end":{"line":59,"column":51}},"59":{"start":{"line":60,"column":0},"end":{"line":60,"column":11}},"60":{"start":{"line":61,"column":0},"end":{"line":61,"column":35}},"61":{"start":{"line":62,"column":0},"end":{"line":62,"column":58}},"62":{"start":{"line":63,"column":0},"end":{"line":63,"column":18}},"63":{"start":{"line":64,"column":0},"end":{"line":64,"column":57}},"64":{"start":{"line":65,"column":0},"end":{"line":65,"column":36}},"65":{"start":{"line":66,"column":0},"end":{"line":66,"column":47}},"66":{"start":{"line":67,"column":0},"end":{"line":67,"column":18}},"67":{"start":{"line":68,"column":0},"end":{"line":68,"column":25}},"68":{"start":{"line":69,"column":0},"end":{"line":69,"column":87}},"69":{"start":{"line":70,"column":0},"end":{"line":70,"column":23}},"70":{"start":{"line":71,"column":0},"end":{"line":71,"column":22}},"71":{"start":{"line":72,"column":0},"end":{"line":72,"column":68}},"72":{"start":{"line":73,"column":0},"end":{"line":73,"column":18}},"73":{"start":{"line":74,"column":0},"end":{"line":74,"column":7}},"74":{"start":{"line":75,"column":0},"end":{"line":75,"column":61}}},"s":{"0":0,"1":0,"2":0,"3":0,"4":0,"5":0,"6":0,"7":0,"8":0,"9":0,"10":0,"11":0,"12":0,"13":0,"14":0,"15":0,"16":0,"17":0,"18":0,"19":0,"20":0,"21":0,"22":0,"23":0,"24":0,"25":0,"26":0,"27":0,"28":0,"29":0,"30":0,"31":0,"32":0,"33":0,"34":0,"35":0,"36":0,"37":0,"38":0,"39":0,"40":0,"41":0,"42":0,"43":0,"44":0,"45":0,"46":0,"47":0,"48":0,"49":0,"50":0,"51":0,"52":0,"53":0,"54":0,"55":0,"56":0,"57":0,"58":0,"59":0,"60":0,"61":0,"62":0,"63":0,"64":0,"65":0,"66":0,"67":0,"68":0,"69":0,"70":0,"71":0,"72":0,"73":0,"74":0},"branchMap":{"0":{"type":"branch","line":1,"loc":{"start":{"line":1,"column":0},"end":{"line":75,"column":-166}},"locations":[{"start":{"line":1,"column":0},"end":{"line":75,"column":-166}}]}},"b":{"0":[0]},"fnMap":{"0":{"name":"(empty-report)","decl":{"start":{"line":1,"column":0},"end":{"line":75,"column":-166}},"loc":{"start":{"line":1,"column":0},"end":{"line":75,"column":-166}},"line":1}},"f":{"0":0}}
,"/Users/quincarter/Documents/Dev/app-shell-starter/dist/src/chart-examples-DNpw7WbE.js": {"path":"/Users/quincarter/Documents/Dev/app-shell-starter/dist/src/chart-examples-DNpw7WbE.js","all":true,"statementMap":{"0":{"start":{"line":1,"column":0},"end":{"line":1,"column":399}},"1":{"start":{"line":2,"column":0},"end":{"line":2,"column":32}},"2":{"start":{"line":3,"column":0},"end":{"line":3,"column":50}},"3":{"start":{"line":4,"column":0},"end":{"line":4,"column":33}},"4":{"start":{"line":5,"column":0},"end":{"line":5,"column":35}},"5":{"start":{"line":6,"column":0},"end":{"line":6,"column":52}},"6":{"start":{"line":7,"column":0},"end":{"line":7,"column":57}},"7":{"start":{"line":8,"column":0},"end":{"line":8,"column":31}},"8":{"start":{"line":9,"column":0},"end":{"line":9,"column":22}},"9":{"start":{"line":10,"column":0},"end":{"line":10,"column":22}},"10":{"start":{"line":11,"column":0},"end":{"line":11,"column":28}},"11":{"start":{"line":12,"column":0},"end":{"line":12,"column":24}},"12":{"start":{"line":13,"column":0},"end":{"line":13,"column":38}},"13":{"start":{"line":14,"column":0},"end":{"line":14,"column":7}},"14":{"start":{"line":15,"column":0},"end":{"line":15,"column":63}}},"s":{"0":0,"1":0,"2":0,"3":0,"4":0,"5":0,"6":0,"7":0,"8":0,"9":0,"10":0,"11":0,"12":0,"13":0,"14":0},"branchMap":{"0":{"type":"branch","line":1,"loc":{"start":{"line":1,"column":0},"end":{"line":15,"column":-149}},"locations":[{"start":{"line":1,"column":0},"end":{"line":15,"column":-149}}]}},"b":{"0":[0]},"fnMap":{"0":{"name":"(empty-report)","decl":{"start":{"line":1,"column":0},"end":{"line":15,"column":-149}},"loc":{"start":{"line":1,"column":0},"end":{"line":15,"column":-149}},"line":1}},"f":{"0":0}}
,"/Users/quincarter/Documents/Dev/app-shell-starter/dist/src/detail-page-DfTy7pmK.js": {"path":"/Users/quincarter/Documents/Dev/app-shell-starter/dist/src/detail-page-DfTy7pmK.js","all":true,"statementMap":{"0":{"start":{"line":1,"column":0},"end":{"line":1,"column":389}},"1":{"start":{"line":2,"column":0},"end":{"line":2,"column":92}}},"s":{"0":0,"1":0},"branchMap":{"0":{"type":"branch","line":1,"loc":{"start":{"line":1,"column":0},"end":{"line":2,"column":-78}},"locations":[{"start":{"line":1,"column":0},"end":{"line":2,"column":-78}}]}},"b":{"0":[0]},"fnMap":{"0":{"name":"(empty-report)","decl":{"start":{"line":1,"column":0},"end":{"line":2,"column":-78}},"loc":{"start":{"line":1,"column":0},"end":{"line":2,"column":-78}},"line":1}},"f":{"0":0}}
,"/Users/quincarter/Documents/Dev/app-shell-starter/dist/src/home-page-kkyjY1Ye.js": {"path":"/Users/quincarter/Documents/Dev/app-shell-starter/dist/src/home-page-kkyjY1Ye.js","all":true,"statementMap":{"0":{"start":{"line":1,"column":0},"end":{"line":1,"column":473}}},"s":{"0":0},"branchMap":{"0":{"type":"branch","line":1,"loc":{"start":{"line":1,"column":0},"end":{"line":1,"column":300}},"locations":[{"start":{"line":1,"column":0},"end":{"line":1,"column":300}}]}},"b":{"0":[0]},"fnMap":{"0":{"name":"(empty-report)","decl":{"start":{"line":1,"column":0},"end":{"line":1,"column":300}},"loc":{"start":{"line":1,"column":0},"end":{"line":1,"column":300}},"line":1}},"f":{"0":0}}
,"/Users/quincarter/Documents/Dev/app-shell-starter/dist/src/index-CvdfU7P5.js": {"path":"/Users/quincarter/Documents/Dev/app-shell-starter/dist/src/index-CvdfU7P5.js","all":true,"statementMap":{"0":{"start":{"line":1,"column":0},"end":{"line":1,"column":256}},"1":{"start":{"line":2,"column":0},"end":{"line":2,"column":1263}},"2":{"start":{"line":3,"column":0},"end":{"line":3,"column":11}},"3":{"start":{"line":4,"column":0},"end":{"line":4,"column":28}},"4":{"start":{"line":5,"column":0},"end":{"line":5,"column":40}},"5":{"start":{"line":6,"column":0},"end":{"line":6,"column":179}},"6":{"start":{"line":7,"column":0},"end":{"line":7,"column":11}},"7":{"start":{"line":8,"column":0},"end":{"line":8,"column":28}},"8":{"start":{"line":9,"column":0},"end":{"line":9,"column":40}},"9":{"start":{"line":10,"column":0},"end":{"line":10,"column":6}},"10":{"start":{"line":11,"column":0},"end":{"line":11,"column":11}},"11":{"start":{"line":12,"column":0},"end":{"line":12,"column":28}},"12":{"start":{"line":13,"column":0},"end":{"line":13,"column":40}},"13":{"start":{"line":14,"column":0},"end":{"line":14,"column":585}},"14":{"start":{"line":15,"column":0},"end":{"line":15,"column":11}},"15":{"start":{"line":16,"column":0},"end":{"line":16,"column":28}},"16":{"start":{"line":17,"column":0},"end":{"line":17,"column":40}},"17":{"start":{"line":18,"column":0},"end":{"line":18,"column":1060}},"18":{"start":{"line":19,"column":0},"end":{"line":19,"column":11}},"19":{"start":{"line":20,"column":0},"end":{"line":20,"column":28}},"20":{"start":{"line":21,"column":0},"end":{"line":21,"column":40}},"21":{"start":{"line":22,"column":0},"end":{"line":22,"column":12923}},"22":{"start":{"line":23,"column":0},"end":{"line":23,"column":16}},"23":{"start":{"line":24,"column":0},"end":{"line":24,"column":13}},"25":{"start":{"line":26,"column":0},"end":{"line":26,"column":100}},"26":{"start":{"line":27,"column":0},"end":{"line":27,"column":20}},"27":{"start":{"line":28,"column":0},"end":{"line":28,"column":20}},"28":{"start":{"line":29,"column":0},"end":{"line":29,"column":127}},"29":{"start":{"line":30,"column":0},"end":{"line":30,"column":2}},"31":{"start":{"line":32,"column":0},"end":{"line":32,"column":55}},"32":{"start":{"line":33,"column":0},"end":{"line":33,"column":43}},"33":{"start":{"line":34,"column":0},"end":{"line":34,"column":61}},"34":{"start":{"line":35,"column":0},"end":{"line":35,"column":3}},"35":{"start":{"line":36,"column":0},"end":{"line":36,"column":2}},"37":{"start":{"line":38,"column":0},"end":{"line":38,"column":31}},"38":{"start":{"line":39,"column":0},"end":{"line":39,"column":44}},"39":{"start":{"line":40,"column":0},"end":{"line":40,"column":44}},"40":{"start":{"line":41,"column":0},"end":{"line":41,"column":32}},"41":{"start":{"line":42,"column":0},"end":{"line":42,"column":61}},"42":{"start":{"line":43,"column":0},"end":{"line":43,"column":37}},"43":{"start":{"line":44,"column":0},"end":{"line":44,"column":60}},"44":{"start":{"line":45,"column":0},"end":{"line":45,"column":64}},"45":{"start":{"line":46,"column":0},"end":{"line":46,"column":5}},"46":{"start":{"line":47,"column":0},"end":{"line":47,"column":3}},"48":{"start":{"line":49,"column":0},"end":{"line":49,"column":58}},"49":{"start":{"line":50,"column":0},"end":{"line":50,"column":72}},"50":{"start":{"line":51,"column":0},"end":{"line":51,"column":64}},"51":{"start":{"line":52,"column":0},"end":{"line":52,"column":23}},"52":{"start":{"line":53,"column":0},"end":{"line":53,"column":4}},"53":{"start":{"line":54,"column":0},"end":{"line":54,"column":4}},"55":{"start":{"line":56,"column":0},"end":{"line":56,"column":54}},"56":{"start":{"line":57,"column":0},"end":{"line":57,"column":50}},"57":{"start":{"line":58,"column":0},"end":{"line":58,"column":2}},"59":{"start":{"line":60,"column":0},"end":{"line":60,"column":38}},"60":{"start":{"line":61,"column":0},"end":{"line":61,"column":39}},"61":{"start":{"line":62,"column":0},"end":{"line":62,"column":45}},"63":{"start":{"line":64,"column":0},"end":{"line":64,"column":36}},"64":{"start":{"line":65,"column":0},"end":{"line":65,"column":25}},"65":{"start":{"line":66,"column":0},"end":{"line":66,"column":3}},"67":{"start":{"line":68,"column":0},"end":{"line":68,"column":36}},"68":{"start":{"line":69,"column":0},"end":{"line":69,"column":37}},"69":{"start":{"line":70,"column":0},"end":{"line":70,"column":49}},"70":{"start":{"line":71,"column":0},"end":{"line":71,"column":14}},"71":{"start":{"line":72,"column":0},"end":{"line":72,"column":33}},"72":{"start":{"line":73,"column":0},"end":{"line":73,"column":82}},"73":{"start":{"line":74,"column":0},"end":{"line":74,"column":91}},"74":{"start":{"line":75,"column":0},"end":{"line":75,"column":53}},"75":{"start":{"line":76,"column":0},"end":{"line":76,"column":41}},"76":{"start":{"line":77,"column":0},"end":{"line":77,"column":43}},"77":{"start":{"line":78,"column":0},"end":{"line":78,"column":38}},"78":{"start":{"line":79,"column":0},"end":{"line":79,"column":50}},"79":{"start":{"line":80,"column":0},"end":{"line":80,"column":15}},"80":{"start":{"line":81,"column":0},"end":{"line":81,"column":42}},"81":{"start":{"line":82,"column":0},"end":{"line":82,"column":37}},"82":{"start":{"line":83,"column":0},"end":{"line":83,"column":13}},"83":{"start":{"line":84,"column":0},"end":{"line":84,"column":11}},"84":{"start":{"line":85,"column":0},"end":{"line":85,"column":10}},"85":{"start":{"line":86,"column":0},"end":{"line":86,"column":56}},"86":{"start":{"line":87,"column":0},"end":{"line":87,"column":55}},"87":{"start":{"line":88,"column":0},"end":{"line":88,"column":99}},"88":{"start":{"line":89,"column":0},"end":{"line":89,"column":43}},"89":{"start":{"line":90,"column":0},"end":{"line":90,"column":38}},"90":{"start":{"line":91,"column":0},"end":{"line":91,"column":59}},"91":{"start":{"line":92,"column":0},"end":{"line":92,"column":15}},"92":{"start":{"line":93,"column":0},"end":{"line":93,"column":47}},"93":{"start":{"line":94,"column":0},"end":{"line":94,"column":42}},"94":{"start":{"line":95,"column":0},"end":{"line":95,"column":13}},"95":{"start":{"line":96,"column":0},"end":{"line":96,"column":11}},"96":{"start":{"line":97,"column":0},"end":{"line":97,"column":10}},"97":{"start":{"line":98,"column":0},"end":{"line":98,"column":43}},"98":{"start":{"line":99,"column":0},"end":{"line":99,"column":83}},"99":{"start":{"line":100,"column":0},"end":{"line":100,"column":47}},"100":{"start":{"line":101,"column":0},"end":{"line":101,"column":11}},"101":{"start":{"line":102,"column":0},"end":{"line":102,"column":10}},"102":{"start":{"line":103,"column":0},"end":{"line":103,"column":39}},"103":{"start":{"line":104,"column":0},"end":{"line":104,"column":26}},"104":{"start":{"line":105,"column":0},"end":{"line":105,"column":65}},"105":{"start":{"line":106,"column":0},"end":{"line":106,"column":34}},"106":{"start":{"line":107,"column":0},"end":{"line":107,"column":56}},"107":{"start":{"line":108,"column":0},"end":{"line":108,"column":13}},"108":{"start":{"line":109,"column":0},"end":{"line":109,"column":29}},"109":{"start":{"line":110,"column":0},"end":{"line":110,"column":11}},"110":{"start":{"line":111,"column":0},"end":{"line":111,"column":10}},"111":{"start":{"line":112,"column":0},"end":{"line":112,"column":46}},"112":{"start":{"line":113,"column":0},"end":{"line":113,"column":32}},"113":{"start":{"line":114,"column":0},"end":{"line":114,"column":43}},"114":{"start":{"line":115,"column":0},"end":{"line":115,"column":11}},"115":{"start":{"line":116,"column":0},"end":{"line":116,"column":10}},"116":{"start":{"line":117,"column":0},"end":{"line":117,"column":35}},"117":{"start":{"line":118,"column":0},"end":{"line":118,"column":65}},"118":{"start":{"line":119,"column":0},"end":{"line":119,"column":56}},"119":{"start":{"line":120,"column":0},"end":{"line":120,"column":60}},"120":{"start":{"line":121,"column":0},"end":{"line":121,"column":29}},"121":{"start":{"line":122,"column":0},"end":{"line":122,"column":11}},"122":{"start":{"line":123,"column":0},"end":{"line":123,"column":10}},"123":{"start":{"line":124,"column":0},"end":{"line":124,"column":35}},"124":{"start":{"line":125,"column":0},"end":{"line":125,"column":47}},"125":{"start":{"line":126,"column":0},"end":{"line":126,"column":37}},"126":{"start":{"line":127,"column":0},"end":{"line":127,"column":60}},"127":{"start":{"line":128,"column":0},"end":{"line":128,"column":40}},"128":{"start":{"line":129,"column":0},"end":{"line":129,"column":11}},"129":{"start":{"line":130,"column":0},"end":{"line":130,"column":10}},"130":{"start":{"line":131,"column":0},"end":{"line":131,"column":38}},"131":{"start":{"line":132,"column":0},"end":{"line":132,"column":29}},"132":{"start":{"line":133,"column":0},"end":{"line":133,"column":50}},"133":{"start":{"line":134,"column":0},"end":{"line":134,"column":11}},"135":{"start":{"line":136,"column":0},"end":{"line":136,"column":41}},"136":{"start":{"line":137,"column":0},"end":{"line":137,"column":38}},"137":{"start":{"line":138,"column":0},"end":{"line":138,"column":12}},"139":{"start":{"line":140,"column":0},"end":{"line":140,"column":24}},"140":{"start":{"line":141,"column":0},"end":{"line":141,"column":23}},"141":{"start":{"line":142,"column":0},"end":{"line":142,"column":86}},"142":{"start":{"line":143,"column":0},"end":{"line":143,"column":43}},"143":{"start":{"line":144,"column":0},"end":{"line":144,"column":11}},"144":{"start":{"line":145,"column":0},"end":{"line":145,"column":11}},"145":{"start":{"line":146,"column":0},"end":{"line":146,"column":39}},"146":{"start":{"line":147,"column":0},"end":{"line":147,"column":44}},"147":{"start":{"line":148,"column":0},"end":{"line":148,"column":24}},"148":{"start":{"line":149,"column":0},"end":{"line":149,"column":27}},"149":{"start":{"line":150,"column":0},"end":{"line":150,"column":11}},"150":{"start":{"line":151,"column":0},"end":{"line":151,"column":10}},"151":{"start":{"line":152,"column":0},"end":{"line":152,"column":45}},"152":{"start":{"line":153,"column":0},"end":{"line":153,"column":82}},"153":{"start":{"line":154,"column":0},"end":{"line":154,"column":24}},"154":{"start":{"line":155,"column":0},"end":{"line":155,"column":27}},"155":{"start":{"line":156,"column":0},"end":{"line":156,"column":11}},"156":{"start":{"line":157,"column":0},"end":{"line":157,"column":10}},"157":{"start":{"line":158,"column":0},"end":{"line":158,"column":39}},"158":{"start":{"line":159,"column":0},"end":{"line":159,"column":76}},"159":{"start":{"line":160,"column":0},"end":{"line":160,"column":24}},"160":{"start":{"line":161,"column":0},"end":{"line":161,"column":27}},"161":{"start":{"line":162,"column":0},"end":{"line":162,"column":11}},"162":{"start":{"line":163,"column":0},"end":{"line":163,"column":10}},"163":{"start":{"line":164,"column":0},"end":{"line":164,"column":36}},"164":{"start":{"line":165,"column":0},"end":{"line":165,"column":27}},"165":{"start":{"line":166,"column":0},"end":{"line":166,"column":38}},"166":{"start":{"line":167,"column":0},"end":{"line":167,"column":11}},"167":{"start":{"line":168,"column":0},"end":{"line":168,"column":9}},"168":{"start":{"line":169,"column":0},"end":{"line":169,"column":8}},"169":{"start":{"line":170,"column":0},"end":{"line":170,"column":5}},"170":{"start":{"line":171,"column":0},"end":{"line":171,"column":6}},"171":{"start":{"line":172,"column":0},"end":{"line":172,"column":33}},"172":{"start":{"line":173,"column":0},"end":{"line":173,"column":53}},"173":{"start":{"line":174,"column":0},"end":{"line":174,"column":40}},"174":{"start":{"line":175,"column":0},"end":{"line":175,"column":34}},"175":{"start":{"line":176,"column":0},"end":{"line":176,"column":101}},"176":{"start":{"line":177,"column":0},"end":{"line":177,"column":63}},"177":{"start":{"line":178,"column":0},"end":{"line":178,"column":128}},"178":{"start":{"line":179,"column":0},"end":{"line":179,"column":55}},"179":{"start":{"line":180,"column":0},"end":{"line":180,"column":50}},"180":{"start":{"line":181,"column":0},"end":{"line":181,"column":68}},"181":{"start":{"line":182,"column":0},"end":{"line":182,"column":70}},"182":{"start":{"line":183,"column":0},"end":{"line":183,"column":34}},"183":{"start":{"line":184,"column":0},"end":{"line":184,"column":32}},"184":{"start":{"line":185,"column":0},"end":{"line":185,"column":22}},"185":{"start":{"line":186,"column":0},"end":{"line":186,"column":11}},"186":{"start":{"line":187,"column":0},"end":{"line":187,"column":14}},"187":{"start":{"line":188,"column":0},"end":{"line":188,"column":82}},"188":{"start":{"line":189,"column":0},"end":{"line":189,"column":59}},"189":{"start":{"line":190,"column":0},"end":{"line":190,"column":7}},"190":{"start":{"line":191,"column":0},"end":{"line":191,"column":47}},"191":{"start":{"line":192,"column":0},"end":{"line":192,"column":62}},"192":{"start":{"line":193,"column":0},"end":{"line":193,"column":50}},"193":{"start":{"line":194,"column":0},"end":{"line":194,"column":9}},"194":{"start":{"line":195,"column":0},"end":{"line":195,"column":5}},"195":{"start":{"line":196,"column":0},"end":{"line":196,"column":6}},"196":{"start":{"line":197,"column":0},"end":{"line":197,"column":31}},"197":{"start":{"line":198,"column":0},"end":{"line":198,"column":49}},"198":{"start":{"line":199,"column":0},"end":{"line":199,"column":57}},"199":{"start":{"line":200,"column":0},"end":{"line":200,"column":18}},"200":{"start":{"line":201,"column":0},"end":{"line":201,"column":42}},"201":{"start":{"line":202,"column":0},"end":{"line":202,"column":52}},"202":{"start":{"line":203,"column":0},"end":{"line":203,"column":58}},"203":{"start":{"line":204,"column":0},"end":{"line":204,"column":43}},"204":{"start":{"line":205,"column":0},"end":{"line":205,"column":16}},"205":{"start":{"line":206,"column":0},"end":{"line":206,"column":68}},"206":{"start":{"line":207,"column":0},"end":{"line":207,"column":86}},"207":{"start":{"line":208,"column":0},"end":{"line":208,"column":9}},"208":{"start":{"line":209,"column":0},"end":{"line":209,"column":37}},"209":{"start":{"line":210,"column":0},"end":{"line":210,"column":57}},"210":{"start":{"line":211,"column":0},"end":{"line":211,"column":9}},"211":{"start":{"line":212,"column":0},"end":{"line":212,"column":9}},"212":{"start":{"line":213,"column":0},"end":{"line":213,"column":5}},"213":{"start":{"line":214,"column":0},"end":{"line":214,"column":6}},"214":{"start":{"line":215,"column":0},"end":{"line":215,"column":25}},"215":{"start":{"line":216,"column":0},"end":{"line":216,"column":47}},"216":{"start":{"line":217,"column":0},"end":{"line":217,"column":55}},"217":{"start":{"line":218,"column":0},"end":{"line":218,"column":59}},"218":{"start":{"line":219,"column":0},"end":{"line":219,"column":44}},"219":{"start":{"line":220,"column":0},"end":{"line":220,"column":13}},"220":{"start":{"line":221,"column":0},"end":{"line":221,"column":35}},"221":{"start":{"line":222,"column":0},"end":{"line":222,"column":24}},"222":{"start":{"line":223,"column":0},"end":{"line":223,"column":57}},"223":{"start":{"line":224,"column":0},"end":{"line":224,"column":11}},"224":{"start":{"line":225,"column":0},"end":{"line":225,"column":22}},"225":{"start":{"line":226,"column":0},"end":{"line":226,"column":9}},"226":{"start":{"line":227,"column":0},"end":{"line":227,"column":5}},"227":{"start":{"line":228,"column":0},"end":{"line":228,"column":6}},"228":{"start":{"line":229,"column":0},"end":{"line":229,"column":18}},"229":{"start":{"line":230,"column":0},"end":{"line":230,"column":37}},"230":{"start":{"line":231,"column":0},"end":{"line":231,"column":39}},"231":{"start":{"line":232,"column":0},"end":{"line":232,"column":29}},"232":{"start":{"line":233,"column":0},"end":{"line":233,"column":55}},"234":{"start":{"line":235,"column":0},"end":{"line":235,"column":37}},"235":{"start":{"line":236,"column":0},"end":{"line":236,"column":33}},"236":{"start":{"line":237,"column":0},"end":{"line":237,"column":33}},"237":{"start":{"line":238,"column":0},"end":{"line":238,"column":33}},"238":{"start":{"line":239,"column":0},"end":{"line":239,"column":9}},"239":{"start":{"line":240,"column":0},"end":{"line":240,"column":9}},"241":{"start":{"line":242,"column":0},"end":{"line":242,"column":54}},"243":{"start":{"line":244,"column":0},"end":{"line":244,"column":57}},"244":{"start":{"line":245,"column":0},"end":{"line":245,"column":51}},"245":{"start":{"line":246,"column":0},"end":{"line":246,"column":53}},"247":{"start":{"line":248,"column":0},"end":{"line":248,"column":25}},"248":{"start":{"line":249,"column":0},"end":{"line":249,"column":37}},"249":{"start":{"line":250,"column":0},"end":{"line":250,"column":52}},"250":{"start":{"line":251,"column":0},"end":{"line":251,"column":37}},"251":{"start":{"line":252,"column":0},"end":{"line":252,"column":90}},"252":{"start":{"line":253,"column":0},"end":{"line":253,"column":56}},"253":{"start":{"line":254,"column":0},"end":{"line":254,"column":11}},"254":{"start":{"line":255,"column":0},"end":{"line":255,"column":58}},"255":{"start":{"line":256,"column":0},"end":{"line":256,"column":76}},"256":{"start":{"line":257,"column":0},"end":{"line":257,"column":48}},"257":{"start":{"line":258,"column":0},"end":{"line":258,"column":11}},"258":{"start":{"line":259,"column":0},"end":{"line":259,"column":9}},"260":{"start":{"line":261,"column":0},"end":{"line":261,"column":49}},"261":{"start":{"line":262,"column":0},"end":{"line":262,"column":30}},"262":{"start":{"line":263,"column":0},"end":{"line":263,"column":77}},"263":{"start":{"line":264,"column":0},"end":{"line":264,"column":52}},"264":{"start":{"line":265,"column":0},"end":{"line":265,"column":7}},"265":{"start":{"line":266,"column":0},"end":{"line":266,"column":5}},"266":{"start":{"line":267,"column":0},"end":{"line":267,"column":6}},"267":{"start":{"line":268,"column":0},"end":{"line":268,"column":28}},"268":{"start":{"line":269,"column":0},"end":{"line":269,"column":4}},"270":{"start":{"line":271,"column":0},"end":{"line":271,"column":37}},"271":{"start":{"line":272,"column":0},"end":{"line":272,"column":35}},"272":{"start":{"line":273,"column":0},"end":{"line":273,"column":44}},"274":{"start":{"line":275,"column":0},"end":{"line":275,"column":19}},"275":{"start":{"line":276,"column":0},"end":{"line":276,"column":3}},"277":{"start":{"line":278,"column":0},"end":{"line":278,"column":35}},"278":{"start":{"line":279,"column":0},"end":{"line":279,"column":16}},"279":{"start":{"line":280,"column":0},"end":{"line":280,"column":28}},"280":{"start":{"line":281,"column":0},"end":{"line":281,"column":67}},"281":{"start":{"line":282,"column":0},"end":{"line":282,"column":11}},"282":{"start":{"line":283,"column":0},"end":{"line":283,"column":84}},"283":{"start":{"line":284,"column":0},"end":{"line":284,"column":19}},"284":{"start":{"line":285,"column":0},"end":{"line":285,"column":18}},"285":{"start":{"line":286,"column":0},"end":{"line":286,"column":7}},"286":{"start":{"line":287,"column":0},"end":{"line":287,"column":5}},"287":{"start":{"line":288,"column":0},"end":{"line":288,"column":6}},"288":{"start":{"line":289,"column":0},"end":{"line":289,"column":17}},"289":{"start":{"line":290,"column":0},"end":{"line":290,"column":33}},"290":{"start":{"line":291,"column":0},"end":{"line":291,"column":43}},"291":{"start":{"line":292,"column":0},"end":{"line":292,"column":5}},"292":{"start":{"line":293,"column":0},"end":{"line":293,"column":6}},"293":{"start":{"line":294,"column":0},"end":{"line":294,"column":17}},"294":{"start":{"line":295,"column":0},"end":{"line":295,"column":29}},"295":{"start":{"line":296,"column":0},"end":{"line":296,"column":40}},"296":{"start":{"line":297,"column":0},"end":{"line":297,"column":5}},"297":{"start":{"line":298,"column":0},"end":{"line":298,"column":6}},"298":{"start":{"line":299,"column":0},"end":{"line":299,"column":19}},"299":{"start":{"line":300,"column":0},"end":{"line":300,"column":31}},"300":{"start":{"line":301,"column":0},"end":{"line":301,"column":36}},"301":{"start":{"line":302,"column":0},"end":{"line":302,"column":23}},"302":{"start":{"line":303,"column":0},"end":{"line":303,"column":55}},"303":{"start":{"line":304,"column":0},"end":{"line":304,"column":55}},"304":{"start":{"line":305,"column":0},"end":{"line":305,"column":24}},"305":{"start":{"line":306,"column":0},"end":{"line":306,"column":9}},"306":{"start":{"line":307,"column":0},"end":{"line":307,"column":9}},"308":{"start":{"line":309,"column":0},"end":{"line":309,"column":19}},"309":{"start":{"line":310,"column":0},"end":{"line":310,"column":5}},"310":{"start":{"line":311,"column":0},"end":{"line":311,"column":6}},"311":{"start":{"line":312,"column":0},"end":{"line":312,"column":27}},"312":{"start":{"line":313,"column":0},"end":{"line":313,"column":4}},"314":{"start":{"line":315,"column":0},"end":{"line":315,"column":36}},"315":{"start":{"line":316,"column":0},"end":{"line":316,"column":42}},"316":{"start":{"line":317,"column":0},"end":{"line":317,"column":43}},"318":{"start":{"line":319,"column":0},"end":{"line":319,"column":19}},"319":{"start":{"line":320,"column":0},"end":{"line":320,"column":25}},"320":{"start":{"line":321,"column":0},"end":{"line":321,"column":3}},"322":{"start":{"line":323,"column":0},"end":{"line":323,"column":34}},"323":{"start":{"line":324,"column":0},"end":{"line":324,"column":16}},"324":{"start":{"line":325,"column":0},"end":{"line":325,"column":46}},"325":{"start":{"line":326,"column":0},"end":{"line":326,"column":31}},"327":{"start":{"line":328,"column":0},"end":{"line":328,"column":39}},"328":{"start":{"line":329,"column":0},"end":{"line":329,"column":44}},"329":{"start":{"line":330,"column":0},"end":{"line":330,"column":23}},"330":{"start":{"line":331,"column":0},"end":{"line":331,"column":15}},"331":{"start":{"line":332,"column":0},"end":{"line":332,"column":7}},"332":{"start":{"line":333,"column":0},"end":{"line":333,"column":50}},"334":{"start":{"line":335,"column":0},"end":{"line":335,"column":37}},"335":{"start":{"line":336,"column":0},"end":{"line":336,"column":33}},"336":{"start":{"line":337,"column":0},"end":{"line":337,"column":48}},"337":{"start":{"line":338,"column":0},"end":{"line":338,"column":41}},"338":{"start":{"line":339,"column":0},"end":{"line":339,"column":54}},"339":{"start":{"line":340,"column":0},"end":{"line":340,"column":9}},"340":{"start":{"line":341,"column":0},"end":{"line":341,"column":49}},"341":{"start":{"line":342,"column":0},"end":{"line":342,"column":36}},"342":{"start":{"line":343,"column":0},"end":{"line":343,"column":23}},"343":{"start":{"line":344,"column":0},"end":{"line":344,"column":9}},"344":{"start":{"line":345,"column":0},"end":{"line":345,"column":49}},"345":{"start":{"line":346,"column":0},"end":{"line":346,"column":37}},"346":{"start":{"line":347,"column":0},"end":{"line":347,"column":23}},"347":{"start":{"line":348,"column":0},"end":{"line":348,"column":9}},"348":{"start":{"line":349,"column":0},"end":{"line":349,"column":33}},"349":{"start":{"line":350,"column":0},"end":{"line":350,"column":63}},"350":{"start":{"line":351,"column":0},"end":{"line":351,"column":21}},"351":{"start":{"line":352,"column":0},"end":{"line":352,"column":5}},"352":{"start":{"line":353,"column":0},"end":{"line":353,"column":6}},"353":{"start":{"line":354,"column":0},"end":{"line":354,"column":26}},"354":{"start":{"line":355,"column":0},"end":{"line":355,"column":4}},"356":{"start":{"line":357,"column":0},"end":{"line":357,"column":36}},"357":{"start":{"line":358,"column":0},"end":{"line":358,"column":33}},"358":{"start":{"line":359,"column":0},"end":{"line":359,"column":43}},"360":{"start":{"line":361,"column":0},"end":{"line":361,"column":17}},"361":{"start":{"line":362,"column":0},"end":{"line":362,"column":3}},"363":{"start":{"line":364,"column":0},"end":{"line":364,"column":34}},"364":{"start":{"line":365,"column":0},"end":{"line":365,"column":20}},"365":{"start":{"line":366,"column":0},"end":{"line":366,"column":32}},"366":{"start":{"line":367,"column":0},"end":{"line":367,"column":66}},"367":{"start":{"line":368,"column":0},"end":{"line":368,"column":5}},"368":{"start":{"line":369,"column":0},"end":{"line":369,"column":6}},"369":{"start":{"line":370,"column":0},"end":{"line":370,"column":17}},"370":{"start":{"line":371,"column":0},"end":{"line":371,"column":32}},"371":{"start":{"line":372,"column":0},"end":{"line":372,"column":28}},"372":{"start":{"line":373,"column":0},"end":{"line":373,"column":43}},"373":{"start":{"line":374,"column":0},"end":{"line":374,"column":7}},"374":{"start":{"line":375,"column":0},"end":{"line":375,"column":5}},"375":{"start":{"line":376,"column":0},"end":{"line":376,"column":6}},"376":{"start":{"line":377,"column":0},"end":{"line":377,"column":26}},"377":{"start":{"line":378,"column":0},"end":{"line":378,"column":4}},"379":{"start":{"line":380,"column":0},"end":{"line":380,"column":35}},"380":{"start":{"line":381,"column":0},"end":{"line":381,"column":30}},"381":{"start":{"line":382,"column":0},"end":{"line":382,"column":42}},"383":{"start":{"line":384,"column":0},"end":{"line":384,"column":26}},"384":{"start":{"line":385,"column":0},"end":{"line":385,"column":38}},"385":{"start":{"line":386,"column":0},"end":{"line":386,"column":81}},"386":{"start":{"line":387,"column":0},"end":{"line":387,"column":37}},"388":{"start":{"line":389,"column":0},"end":{"line":389,"column":53}},"389":{"start":{"line":390,"column":0},"end":{"line":390,"column":69}},"390":{"start":{"line":391,"column":0},"end":{"line":391,"column":56}},"391":{"start":{"line":392,"column":0},"end":{"line":392,"column":99}},"392":{"start":{"line":393,"column":0},"end":{"line":393,"column":3}},"394":{"start":{"line":395,"column":0},"end":{"line":395,"column":33}},"395":{"start":{"line":396,"column":0},"end":{"line":396,"column":30}},"396":{"start":{"line":397,"column":0},"end":{"line":397,"column":42}},"397":{"start":{"line":398,"column":0},"end":{"line":398,"column":23}},"399":{"start":{"line":400,"column":0},"end":{"line":400,"column":60}},"400":{"start":{"line":401,"column":0},"end":{"line":401,"column":15}},"401":{"start":{"line":402,"column":0},"end":{"line":402,"column":7}},"402":{"start":{"line":403,"column":0},"end":{"line":403,"column":41}},"403":{"start":{"line":404,"column":0},"end":{"line":404,"column":30}},"404":{"start":{"line":405,"column":0},"end":{"line":405,"column":26}},"405":{"start":{"line":406,"column":0},"end":{"line":406,"column":34}},"406":{"start":{"line":407,"column":0},"end":{"line":407,"column":5}},"407":{"start":{"line":408,"column":0},"end":{"line":408,"column":6}},"408":{"start":{"line":409,"column":0},"end":{"line":409,"column":19}},"409":{"start":{"line":410,"column":0},"end":{"line":410,"column":31}},"410":{"start":{"line":411,"column":0},"end":{"line":411,"column":18}},"411":{"start":{"line":412,"column":0},"end":{"line":412,"column":5}},"412":{"start":{"line":413,"column":0},"end":{"line":413,"column":6}},"413":{"start":{"line":414,"column":0},"end":{"line":414,"column":24}},"414":{"start":{"line":415,"column":0},"end":{"line":415,"column":36}},"415":{"start":{"line":416,"column":0},"end":{"line":416,"column":59}},"416":{"start":{"line":417,"column":0},"end":{"line":417,"column":5}},"417":{"start":{"line":418,"column":0},"end":{"line":418,"column":6}},"418":{"start":{"line":419,"column":0},"end":{"line":419,"column":21}},"419":{"start":{"line":420,"column":0},"end":{"line":420,"column":33}},"420":{"start":{"line":421,"column":0},"end":{"line":421,"column":79}},"421":{"start":{"line":422,"column":0},"end":{"line":422,"column":91}},"423":{"start":{"line":424,"column":0},"end":{"line":424,"column":22}},"424":{"start":{"line":425,"column":0},"end":{"line":425,"column":81}},"425":{"start":{"line":426,"column":0},"end":{"line":426,"column":32}},"426":{"start":{"line":427,"column":0},"end":{"line":427,"column":68}},"427":{"start":{"line":428,"column":0},"end":{"line":428,"column":7}},"429":{"start":{"line":430,"column":0},"end":{"line":430,"column":63}},"430":{"start":{"line":431,"column":0},"end":{"line":431,"column":121}},"431":{"start":{"line":432,"column":0},"end":{"line":432,"column":15}},"432":{"start":{"line":433,"column":0},"end":{"line":433,"column":7}},"433":{"start":{"line":434,"column":0},"end":{"line":434,"column":50}},"434":{"start":{"line":435,"column":0},"end":{"line":435,"column":67}},"435":{"start":{"line":436,"column":0},"end":{"line":436,"column":15}},"436":{"start":{"line":437,"column":0},"end":{"line":437,"column":7}},"437":{"start":{"line":438,"column":0},"end":{"line":438,"column":83}},"438":{"start":{"line":439,"column":0},"end":{"line":439,"column":28}},"439":{"start":{"line":440,"column":0},"end":{"line":440,"column":27}},"440":{"start":{"line":441,"column":0},"end":{"line":441,"column":64}},"441":{"start":{"line":442,"column":0},"end":{"line":442,"column":14}},"442":{"start":{"line":443,"column":0},"end":{"line":443,"column":64}},"443":{"start":{"line":444,"column":0},"end":{"line":444,"column":15}},"444":{"start":{"line":445,"column":0},"end":{"line":445,"column":7}},"446":{"start":{"line":447,"column":0},"end":{"line":447,"column":18}},"447":{"start":{"line":448,"column":0},"end":{"line":448,"column":5}},"448":{"start":{"line":449,"column":0},"end":{"line":449,"column":6}},"449":{"start":{"line":450,"column":0},"end":{"line":450,"column":16}},"450":{"start":{"line":451,"column":0},"end":{"line":451,"column":28}},"451":{"start":{"line":452,"column":0},"end":{"line":452,"column":39}},"452":{"start":{"line":453,"column":0},"end":{"line":453,"column":41}},"454":{"start":{"line":455,"column":0},"end":{"line":455,"column":32}},"455":{"start":{"line":456,"column":0},"end":{"line":456,"column":37}},"456":{"start":{"line":457,"column":0},"end":{"line":457,"column":83}},"457":{"start":{"line":458,"column":0},"end":{"line":458,"column":63}},"458":{"start":{"line":459,"column":0},"end":{"line":459,"column":299}},"459":{"start":{"line":460,"column":0},"end":{"line":460,"column":22}},"460":{"start":{"line":461,"column":0},"end":{"line":461,"column":65}},"461":{"start":{"line":462,"column":0},"end":{"line":462,"column":44}},"462":{"start":{"line":463,"column":0},"end":{"line":463,"column":89}},"463":{"start":{"line":464,"column":0},"end":{"line":464,"column":9}},"464":{"start":{"line":465,"column":0},"end":{"line":465,"column":5}},"465":{"start":{"line":466,"column":0},"end":{"line":466,"column":8}},"466":{"start":{"line":467,"column":0},"end":{"line":467,"column":19}},"467":{"start":{"line":468,"column":0},"end":{"line":468,"column":27}},"468":{"start":{"line":469,"column":0},"end":{"line":469,"column":21}},"469":{"start":{"line":470,"column":0},"end":{"line":470,"column":5}},"470":{"start":{"line":471,"column":0},"end":{"line":471,"column":6}},"471":{"start":{"line":472,"column":0},"end":{"line":472,"column":23}},"472":{"start":{"line":473,"column":0},"end":{"line":473,"column":27}},"473":{"start":{"line":474,"column":0},"end":{"line":474,"column":42}},"474":{"start":{"line":475,"column":0},"end":{"line":475,"column":5}},"475":{"start":{"line":476,"column":0},"end":{"line":476,"column":6}},"476":{"start":{"line":477,"column":0},"end":{"line":477,"column":29}},"477":{"start":{"line":478,"column":0},"end":{"line":478,"column":27}},"478":{"start":{"line":479,"column":0},"end":{"line":479,"column":48}},"479":{"start":{"line":480,"column":0},"end":{"line":480,"column":5}},"480":{"start":{"line":481,"column":0},"end":{"line":481,"column":6}},"481":{"start":{"line":482,"column":0},"end":{"line":482,"column":21}},"482":{"start":{"line":483,"column":0},"end":{"line":483,"column":27}},"483":{"start":{"line":484,"column":0},"end":{"line":484,"column":40}},"484":{"start":{"line":485,"column":0},"end":{"line":485,"column":5}},"485":{"start":{"line":486,"column":0},"end":{"line":486,"column":6}},"486":{"start":{"line":487,"column":0},"end":{"line":487,"column":25}},"487":{"start":{"line":488,"column":0},"end":{"line":488,"column":4}},"489":{"start":{"line":490,"column":0},"end":{"line":490,"column":5}},"490":{"start":{"line":491,"column":0},"end":{"line":491,"column":38}},"491":{"start":{"line":492,"column":0},"end":{"line":492,"column":93}},"492":{"start":{"line":493,"column":0},"end":{"line":493,"column":55}},"493":{"start":{"line":494,"column":0},"end":{"line":494,"column":13}},"494":{"start":{"line":495,"column":0},"end":{"line":495,"column":78}},"495":{"start":{"line":496,"column":0},"end":{"line":496,"column":1}},"497":{"start":{"line":498,"column":0},"end":{"line":498,"column":5}},"499":{"start":{"line":500,"column":0},"end":{"line":500,"column":13608}},"500":{"start":{"line":501,"column":0},"end":{"line":501,"column":11}},"501":{"start":{"line":502,"column":0},"end":{"line":502,"column":28}},"502":{"start":{"line":503,"column":0},"end":{"line":503,"column":40}},"503":{"start":{"line":504,"column":0},"end":{"line":504,"column":1372}},"504":{"start":{"line":505,"column":0},"end":{"line":505,"column":11}},"505":{"start":{"line":506,"column":0},"end":{"line":506,"column":28}},"506":{"start":{"line":507,"column":0},"end":{"line":507,"column":40}},"507":{"start":{"line":508,"column":0},"end":{"line":508,"column":6114}},"508":{"start":{"line":509,"column":0},"end":{"line":509,"column":11}},"509":{"start":{"line":510,"column":0},"end":{"line":510,"column":28}},"510":{"start":{"line":511,"column":0},"end":{"line":511,"column":40}},"511":{"start":{"line":512,"column":0},"end":{"line":512,"column":370}},"512":{"start":{"line":513,"column":0},"end":{"line":513,"column":138}},"513":{"start":{"line":514,"column":0},"end":{"line":514,"column":6996}},"514":{"start":{"line":515,"column":0},"end":{"line":515,"column":11}},"515":{"start":{"line":516,"column":0},"end":{"line":516,"column":28}},"516":{"start":{"line":517,"column":0},"end":{"line":517,"column":40}},"517":{"start":{"line":518,"column":0},"end":{"line":518,"column":890}},"518":{"start":{"line":519,"column":0},"end":{"line":519,"column":11}},"519":{"start":{"line":520,"column":0},"end":{"line":520,"column":28}},"520":{"start":{"line":521,"column":0},"end":{"line":521,"column":40}},"521":{"start":{"line":522,"column":0},"end":{"line":522,"column":116}},"522":{"start":{"line":523,"column":0},"end":{"line":523,"column":11}},"523":{"start":{"line":524,"column":0},"end":{"line":524,"column":28}},"524":{"start":{"line":525,"column":0},"end":{"line":525,"column":40}},"525":{"start":{"line":526,"column":0},"end":{"line":526,"column":786}},"526":{"start":{"line":527,"column":0},"end":{"line":527,"column":11}},"527":{"start":{"line":528,"column":0},"end":{"line":528,"column":28}},"528":{"start":{"line":529,"column":0},"end":{"line":529,"column":40}},"529":{"start":{"line":530,"column":0},"end":{"line":530,"column":61}},"530":{"start":{"line":531,"column":0},"end":{"line":531,"column":11}},"531":{"start":{"line":532,"column":0},"end":{"line":532,"column":28}},"532":{"start":{"line":533,"column":0},"end":{"line":533,"column":40}},"533":{"start":{"line":534,"column":0},"end":{"line":534,"column":129}},"534":{"start":{"line":535,"column":0},"end":{"line":535,"column":11}},"535":{"start":{"line":536,"column":0},"end":{"line":536,"column":28}},"536":{"start":{"line":537,"column":0},"end":{"line":537,"column":40}},"537":{"start":{"line":538,"column":0},"end":{"line":538,"column":170}},"538":{"start":{"line":539,"column":0},"end":{"line":539,"column":11}},"539":{"start":{"line":540,"column":0},"end":{"line":540,"column":17}},"540":{"start":{"line":541,"column":0},"end":{"line":541,"column":3}},"541":{"start":{"line":542,"column":0},"end":{"line":542,"column":8}},"542":{"start":{"line":543,"column":0},"end":{"line":543,"column":9}},"543":{"start":{"line":544,"column":0},"end":{"line":544,"column":24}},"544":{"start":{"line":545,"column":0},"end":{"line":545,"column":27}},"545":{"start":{"line":546,"column":0},"end":{"line":546,"column":18}},"546":{"start":{"line":547,"column":0},"end":{"line":547,"column":3}},"548":{"start":{"line":549,"column":0},"end":{"line":549,"column":11}},"549":{"start":{"line":550,"column":0},"end":{"line":550,"column":23}},"550":{"start":{"line":551,"column":0},"end":{"line":551,"column":26}},"551":{"start":{"line":552,"column":0},"end":{"line":552,"column":16}},"552":{"start":{"line":553,"column":0},"end":{"line":553,"column":19}},"553":{"start":{"line":554,"column":0},"end":{"line":554,"column":45}},"554":{"start":{"line":555,"column":0},"end":{"line":555,"column":3}},"556":{"start":{"line":557,"column":0},"end":{"line":557,"column":17}},"557":{"start":{"line":558,"column":0},"end":{"line":558,"column":15}},"558":{"start":{"line":559,"column":0},"end":{"line":559,"column":13}},"559":{"start":{"line":560,"column":0},"end":{"line":560,"column":14}},"560":{"start":{"line":561,"column":0},"end":{"line":561,"column":3}},"562":{"start":{"line":563,"column":0},"end":{"line":563,"column":11}},"563":{"start":{"line":564,"column":0},"end":{"line":564,"column":23}},"564":{"start":{"line":565,"column":0},"end":{"line":565,"column":20}},"565":{"start":{"line":566,"column":0},"end":{"line":566,"column":11}},"566":{"start":{"line":567,"column":0},"end":{"line":567,"column":12}},"567":{"start":{"line":568,"column":0},"end":{"line":568,"column":13}},"568":{"start":{"line":569,"column":0},"end":{"line":569,"column":14}},"569":{"start":{"line":570,"column":0},"end":{"line":570,"column":30}},"570":{"start":{"line":571,"column":0},"end":{"line":571,"column":29}},"571":{"start":{"line":572,"column":0},"end":{"line":572,"column":21}},"572":{"start":{"line":573,"column":0},"end":{"line":573,"column":3}},"574":{"start":{"line":575,"column":0},"end":{"line":575,"column":18}},"575":{"start":{"line":576,"column":0},"end":{"line":576,"column":23}},"576":{"start":{"line":577,"column":0},"end":{"line":577,"column":16}},"577":{"start":{"line":578,"column":0},"end":{"line":578,"column":17}},"578":{"start":{"line":579,"column":0},"end":{"line":579,"column":16}},"579":{"start":{"line":580,"column":0},"end":{"line":580,"column":14}},"580":{"start":{"line":581,"column":0},"end":{"line":581,"column":16}},"581":{"start":{"line":582,"column":0},"end":{"line":582,"column":30}},"582":{"start":{"line":583,"column":0},"end":{"line":583,"column":29}},"583":{"start":{"line":584,"column":0},"end":{"line":584,"column":21}},"584":{"start":{"line":585,"column":0},"end":{"line":585,"column":3}},"586":{"start":{"line":587,"column":0},"end":{"line":587,"column":27}},"587":{"start":{"line":588,"column":0},"end":{"line":588,"column":30}},"588":{"start":{"line":589,"column":0},"end":{"line":589,"column":3}},"590":{"start":{"line":591,"column":0},"end":{"line":591,"column":25}},"591":{"start":{"line":592,"column":0},"end":{"line":592,"column":32}},"592":{"start":{"line":593,"column":0},"end":{"line":593,"column":3}},"594":{"start":{"line":595,"column":0},"end":{"line":595,"column":34}},"595":{"start":{"line":596,"column":0},"end":{"line":596,"column":42}},"596":{"start":{"line":597,"column":0},"end":{"line":597,"column":38}},"597":{"start":{"line":598,"column":0},"end":{"line":598,"column":34}},"598":{"start":{"line":599,"column":0},"end":{"line":599,"column":43}},"599":{"start":{"line":600,"column":0},"end":{"line":600,"column":30}},"600":{"start":{"line":601,"column":0},"end":{"line":601,"column":3}},"602":{"start":{"line":603,"column":0},"end":{"line":603,"column":17}},"603":{"start":{"line":604,"column":0},"end":{"line":604,"column":24}},"604":{"start":{"line":605,"column":0},"end":{"line":605,"column":3}},"606":{"start":{"line":607,"column":0},"end":{"line":607,"column":24}},"607":{"start":{"line":608,"column":0},"end":{"line":608,"column":23}},"608":{"start":{"line":609,"column":0},"end":{"line":609,"column":3}},"609":{"start":{"line":610,"column":0},"end":{"line":610,"column":694}},"610":{"start":{"line":611,"column":0},"end":{"line":611,"column":46}},"611":{"start":{"line":612,"column":0},"end":{"line":612,"column":62}},"612":{"start":{"line":613,"column":0},"end":{"line":613,"column":42}},"613":{"start":{"line":614,"column":0},"end":{"line":614,"column":14}},"614":{"start":{"line":615,"column":0},"end":{"line":615,"column":162}},"615":{"start":{"line":616,"column":0},"end":{"line":616,"column":9}},"616":{"start":{"line":617,"column":0},"end":{"line":617,"column":17}},"617":{"start":{"line":618,"column":0},"end":{"line":618,"column":3}},"619":{"start":{"line":620,"column":0},"end":{"line":620,"column":7}},"620":{"start":{"line":621,"column":0},"end":{"line":621,"column":24}},"621":{"start":{"line":622,"column":0},"end":{"line":622,"column":50}},"622":{"start":{"line":623,"column":0},"end":{"line":623,"column":42}},"623":{"start":{"line":624,"column":0},"end":{"line":624,"column":18}},"624":{"start":{"line":625,"column":0},"end":{"line":625,"column":39}},"625":{"start":{"line":626,"column":0},"end":{"line":626,"column":14}},"626":{"start":{"line":627,"column":0},"end":{"line":627,"column":25}},"627":{"start":{"line":628,"column":0},"end":{"line":628,"column":3}},"629":{"start":{"line":630,"column":0},"end":{"line":630,"column":6}},"630":{"start":{"line":631,"column":0},"end":{"line":631,"column":18}},"631":{"start":{"line":632,"column":0},"end":{"line":632,"column":24}},"632":{"start":{"line":633,"column":0},"end":{"line":633,"column":14}},"633":{"start":{"line":634,"column":0},"end":{"line":634,"column":21}},"634":{"start":{"line":635,"column":0},"end":{"line":635,"column":3}},"636":{"start":{"line":637,"column":0},"end":{"line":637,"column":5}},"637":{"start":{"line":638,"column":0},"end":{"line":638,"column":21}},"638":{"start":{"line":639,"column":0},"end":{"line":639,"column":37}},"639":{"start":{"line":640,"column":0},"end":{"line":640,"column":26}},"640":{"start":{"line":641,"column":0},"end":{"line":641,"column":3}},"642":{"start":{"line":643,"column":0},"end":{"line":643,"column":11}},"643":{"start":{"line":644,"column":0},"end":{"line":644,"column":31}},"644":{"start":{"line":645,"column":0},"end":{"line":645,"column":3}},"645":{"start":{"line":646,"column":0},"end":{"line":646,"column":332}},"646":{"start":{"line":647,"column":0},"end":{"line":647,"column":74}},"647":{"start":{"line":648,"column":0},"end":{"line":648,"column":16}},"648":{"start":{"line":649,"column":0},"end":{"line":649,"column":83}},"649":{"start":{"line":650,"column":0},"end":{"line":650,"column":17}},"650":{"start":{"line":651,"column":0},"end":{"line":651,"column":79}},"651":{"start":{"line":652,"column":0},"end":{"line":652,"column":16}},"652":{"start":{"line":653,"column":0},"end":{"line":653,"column":4757}},"653":{"start":{"line":654,"column":0},"end":{"line":654,"column":13}},"654":{"start":{"line":655,"column":0},"end":{"line":655,"column":23}},"655":{"start":{"line":656,"column":0},"end":{"line":656,"column":7}},"656":{"start":{"line":657,"column":0},"end":{"line":657,"column":136}},"657":{"start":{"line":658,"column":0},"end":{"line":658,"column":13}},"658":{"start":{"line":659,"column":0},"end":{"line":659,"column":23}},"659":{"start":{"line":660,"column":0},"end":{"line":660,"column":7}},"660":{"start":{"line":661,"column":0},"end":{"line":661,"column":140}},"661":{"start":{"line":662,"column":0},"end":{"line":662,"column":13}},"662":{"start":{"line":663,"column":0},"end":{"line":663,"column":23}},"663":{"start":{"line":664,"column":0},"end":{"line":664,"column":7}},"664":{"start":{"line":665,"column":0},"end":{"line":665,"column":67}},"665":{"start":{"line":666,"column":0},"end":{"line":666,"column":11}},"666":{"start":{"line":667,"column":0},"end":{"line":667,"column":28}},"667":{"start":{"line":668,"column":0},"end":{"line":668,"column":40}},"668":{"start":{"line":669,"column":0},"end":{"line":669,"column":246}},"669":{"start":{"line":670,"column":0},"end":{"line":670,"column":11}},"670":{"start":{"line":671,"column":0},"end":{"line":671,"column":28}},"671":{"start":{"line":672,"column":0},"end":{"line":672,"column":40}},"672":{"start":{"line":673,"column":0},"end":{"line":673,"column":881}},"673":{"start":{"line":674,"column":0},"end":{"line":674,"column":5}},"674":{"start":{"line":675,"column":0},"end":{"line":675,"column":26}},"675":{"start":{"line":676,"column":0},"end":{"line":676,"column":37}},"676":{"start":{"line":677,"column":0},"end":{"line":677,"column":3}},"678":{"start":{"line":679,"column":0},"end":{"line":679,"column":11}},"679":{"start":{"line":680,"column":0},"end":{"line":680,"column":20}},"680":{"start":{"line":681,"column":0},"end":{"line":681,"column":31}},"681":{"start":{"line":682,"column":0},"end":{"line":682,"column":3}},"683":{"start":{"line":684,"column":0},"end":{"line":684,"column":44}},"684":{"start":{"line":685,"column":0},"end":{"line":685,"column":25}},"685":{"start":{"line":686,"column":0},"end":{"line":686,"column":18}},"686":{"start":{"line":687,"column":0},"end":{"line":687,"column":28}},"687":{"start":{"line":688,"column":0},"end":{"line":688,"column":3}},"689":{"start":{"line":690,"column":0},"end":{"line":690,"column":35}},"690":{"start":{"line":691,"column":0},"end":{"line":691,"column":24}},"691":{"start":{"line":692,"column":0},"end":{"line":692,"column":18}},"692":{"start":{"line":693,"column":0},"end":{"line":693,"column":27}},"693":{"start":{"line":694,"column":0},"end":{"line":694,"column":14}},"694":{"start":{"line":695,"column":0},"end":{"line":695,"column":23}},"695":{"start":{"line":696,"column":0},"end":{"line":696,"column":3}},"697":{"start":{"line":698,"column":0},"end":{"line":698,"column":32}},"698":{"start":{"line":699,"column":0},"end":{"line":699,"column":24}},"699":{"start":{"line":700,"column":0},"end":{"line":700,"column":18}},"700":{"start":{"line":701,"column":0},"end":{"line":701,"column":24}},"701":{"start":{"line":702,"column":0},"end":{"line":702,"column":14}},"702":{"start":{"line":703,"column":0},"end":{"line":703,"column":23}},"703":{"start":{"line":704,"column":0},"end":{"line":704,"column":3}},"705":{"start":{"line":706,"column":0},"end":{"line":706,"column":21}},"706":{"start":{"line":707,"column":0},"end":{"line":707,"column":20}},"707":{"start":{"line":708,"column":0},"end":{"line":708,"column":42}},"708":{"start":{"line":709,"column":0},"end":{"line":709,"column":59}},"709":{"start":{"line":710,"column":0},"end":{"line":710,"column":24}},"710":{"start":{"line":711,"column":0},"end":{"line":711,"column":18}},"711":{"start":{"line":712,"column":0},"end":{"line":712,"column":27}},"712":{"start":{"line":713,"column":0},"end":{"line":713,"column":35}},"713":{"start":{"line":714,"column":0},"end":{"line":714,"column":18}},"714":{"start":{"line":715,"column":0},"end":{"line":715,"column":22}},"715":{"start":{"line":716,"column":0},"end":{"line":716,"column":3}},"717":{"start":{"line":718,"column":0},"end":{"line":718,"column":30}},"718":{"start":{"line":719,"column":0},"end":{"line":719,"column":34}},"719":{"start":{"line":720,"column":0},"end":{"line":720,"column":18}},"720":{"start":{"line":721,"column":0},"end":{"line":721,"column":27}},"721":{"start":{"line":722,"column":0},"end":{"line":722,"column":35}},"722":{"start":{"line":723,"column":0},"end":{"line":723,"column":18}},"723":{"start":{"line":724,"column":0},"end":{"line":724,"column":3}},"725":{"start":{"line":726,"column":0},"end":{"line":726,"column":27}},"726":{"start":{"line":727,"column":0},"end":{"line":727,"column":34}},"727":{"start":{"line":728,"column":0},"end":{"line":728,"column":18}},"728":{"start":{"line":729,"column":0},"end":{"line":729,"column":27}},"729":{"start":{"line":730,"column":0},"end":{"line":730,"column":24}},"730":{"start":{"line":731,"column":0},"end":{"line":731,"column":35}},"731":{"start":{"line":732,"column":0},"end":{"line":732,"column":18}},"732":{"start":{"line":733,"column":0},"end":{"line":733,"column":3}},"734":{"start":{"line":735,"column":0},"end":{"line":735,"column":26}},"735":{"start":{"line":736,"column":0},"end":{"line":736,"column":29}},"736":{"start":{"line":737,"column":0},"end":{"line":737,"column":20}},"737":{"start":{"line":738,"column":0},"end":{"line":738,"column":3}},"739":{"start":{"line":740,"column":0},"end":{"line":740,"column":26}},"740":{"start":{"line":741,"column":0},"end":{"line":741,"column":24}},"741":{"start":{"line":742,"column":0},"end":{"line":742,"column":60}},"742":{"start":{"line":743,"column":0},"end":{"line":743,"column":43}},"743":{"start":{"line":744,"column":0},"end":{"line":744,"column":3}},"745":{"start":{"line":746,"column":0},"end":{"line":746,"column":15}},"746":{"start":{"line":747,"column":0},"end":{"line":747,"column":37}},"747":{"start":{"line":748,"column":0},"end":{"line":748,"column":40}},"748":{"start":{"line":749,"column":0},"end":{"line":749,"column":24}},"749":{"start":{"line":750,"column":0},"end":{"line":750,"column":23}},"750":{"start":{"line":751,"column":0},"end":{"line":751,"column":14}},"751":{"start":{"line":752,"column":0},"end":{"line":752,"column":15}},"752":{"start":{"line":753,"column":0},"end":{"line":753,"column":3}},"754":{"start":{"line":755,"column":0},"end":{"line":755,"column":25}},"755":{"start":{"line":756,"column":0},"end":{"line":756,"column":24}},"756":{"start":{"line":757,"column":0},"end":{"line":757,"column":23}},"757":{"start":{"line":758,"column":0},"end":{"line":758,"column":14}},"758":{"start":{"line":759,"column":0},"end":{"line":759,"column":16}},"759":{"start":{"line":760,"column":0},"end":{"line":760,"column":3}},"761":{"start":{"line":762,"column":0},"end":{"line":762,"column":14}},"762":{"start":{"line":763,"column":0},"end":{"line":763,"column":23}},"763":{"start":{"line":764,"column":0},"end":{"line":764,"column":22}},"764":{"start":{"line":765,"column":0},"end":{"line":765,"column":28}},"765":{"start":{"line":766,"column":0},"end":{"line":766,"column":3}},"767":{"start":{"line":768,"column":0},"end":{"line":768,"column":31}},"768":{"start":{"line":769,"column":0},"end":{"line":769,"column":21}},"769":{"start":{"line":770,"column":0},"end":{"line":770,"column":22}},"770":{"start":{"line":771,"column":0},"end":{"line":771,"column":19}},"771":{"start":{"line":772,"column":0},"end":{"line":772,"column":23}},"772":{"start":{"line":773,"column":0},"end":{"line":773,"column":25}},"773":{"start":{"line":774,"column":0},"end":{"line":774,"column":3}},"774":{"start":{"line":775,"column":0},"end":{"line":775,"column":686}},"775":{"start":{"line":776,"column":0},"end":{"line":776,"column":77}},"776":{"start":{"line":777,"column":0},"end":{"line":777,"column":60}},"777":{"start":{"line":778,"column":0},"end":{"line":778,"column":110}},"778":{"start":{"line":779,"column":0},"end":{"line":779,"column":5}},"779":{"start":{"line":780,"column":0},"end":{"line":780,"column":41}},"780":{"start":{"line":781,"column":0},"end":{"line":781,"column":62}},"781":{"start":{"line":782,"column":0},"end":{"line":782,"column":32}},"782":{"start":{"line":783,"column":0},"end":{"line":783,"column":32}},"783":{"start":{"line":784,"column":0},"end":{"line":784,"column":70}},"784":{"start":{"line":785,"column":0},"end":{"line":785,"column":16}},"785":{"start":{"line":786,"column":0},"end":{"line":786,"column":41}},"786":{"start":{"line":787,"column":0},"end":{"line":787,"column":55}},"787":{"start":{"line":788,"column":0},"end":{"line":788,"column":39}},"788":{"start":{"line":789,"column":0},"end":{"line":789,"column":21}},"789":{"start":{"line":790,"column":0},"end":{"line":790,"column":40}},"790":{"start":{"line":791,"column":0},"end":{"line":791,"column":12}},"791":{"start":{"line":792,"column":0},"end":{"line":792,"column":1222}},"792":{"start":{"line":793,"column":0},"end":{"line":793,"column":23}},"793":{"start":{"line":794,"column":0},"end":{"line":794,"column":41}},"794":{"start":{"line":795,"column":0},"end":{"line":795,"column":25}},"795":{"start":{"line":796,"column":0},"end":{"line":796,"column":33}},"796":{"start":{"line":797,"column":0},"end":{"line":797,"column":7684}},"797":{"start":{"line":798,"column":0},"end":{"line":798,"column":18}},"798":{"start":{"line":799,"column":0},"end":{"line":799,"column":26}},"799":{"start":{"line":800,"column":0},"end":{"line":800,"column":33}},"800":{"start":{"line":801,"column":0},"end":{"line":801,"column":33}},"801":{"start":{"line":802,"column":0},"end":{"line":802,"column":31320}},"802":{"start":{"line":803,"column":0},"end":{"line":803,"column":18}},"803":{"start":{"line":804,"column":0},"end":{"line":804,"column":26}},"804":{"start":{"line":805,"column":0},"end":{"line":805,"column":33}},"805":{"start":{"line":806,"column":0},"end":{"line":806,"column":33}},"806":{"start":{"line":807,"column":0},"end":{"line":807,"column":127518}},"807":{"start":{"line":808,"column":0},"end":{"line":808,"column":15}},"808":{"start":{"line":809,"column":0},"end":{"line":809,"column":108141}},"809":{"start":{"line":810,"column":0},"end":{"line":810,"column":31}},"810":{"start":{"line":811,"column":0},"end":{"line":811,"column":26}},"811":{"start":{"line":812,"column":0},"end":{"line":812,"column":46}},"812":{"start":{"line":813,"column":0},"end":{"line":813,"column":33}},"813":{"start":{"line":814,"column":0},"end":{"line":814,"column":4880}},"814":{"start":{"line":815,"column":0},"end":{"line":815,"column":74}},"815":{"start":{"line":816,"column":0},"end":{"line":816,"column":31}},"816":{"start":{"line":817,"column":0},"end":{"line":817,"column":25}},"817":{"start":{"line":818,"column":0},"end":{"line":818,"column":496}}},"s":{"0":0,"1":0,"2":0,"3":0,"4":0,"5":0,"6":0,"7":0,"8":0,"9":0,"10":0,"11":0,"12":0,"13":0,"14":0,"15":0,"16":0,"17":0,"18":0,"19":0,"20":0,"21":0,"22":0,"23":0,"25":0,"26":0,"27":0,"28":0,"29":0,"31":0,"32":0,"33":0,"34":0,"35":0,"37":0,"38":0,"39":0,"40":0,"41":0,"42":0,"43":0,"44":0,"45":0,"46":0,"48":0,"49":0,"50":0,"51":0,"52":0,"53":0,"55":0,"56":0,"57":0,"59":0,"60":0,"61":0,"63":0,"64":0,"65":0,"67":0,"68":0,"69":0,"70":0,"71":0,"72":0,"73":0,"74":0,"75":0,"76":0,"77":0,"78":0,"79":0,"80":0,"81":0,"82":0,"83":0,"84":0,"85":0,"86":0,"87":0,"88":0,"89":0,"90":0,"91":0,"92":0,"93":0,"94":0,"95":0,"96":0,"97":0,"98":0,"99":0,"100":0,"101":0,"102":0,"103":0,"104":0,"105":0,"106":0,"107":0,"108":0,"109":0,"110":0,"111":0,"112":0,"113":0,"114":0,"115":0,"116":0,"117":0,"118":0,"119":0,"120":0,"121":0,"122":0,"123":0,"124":0,"125":0,"126":0,"127":0,"128":0,"129":0,"130":0,"131":0,"132":0,"133":0,"135":0,"136":0,"137":0,"139":0,"140":0,"141":0,"142":0,"143":0,"144":0,"145":0,"146":0,"147":0,"148":0,"149":0,"150":0,"151":0,"152":0,"153":0,"154":0,"155":0,"156":0,"157":0,"158":0,"159":0,"160":0,"161":0,"162":0,"163":0,"164":0,"165":0,"166":0,"167":0,"168":0,"169":0,"170":0,"171":0,"172":0,"173":0,"174":0,"175":0,"176":0,"177":0,"178":0,"179":0,"180":0,"181":0,"182":0,"183":0,"184":0,"185":0,"186":0,"187":0,"188":0,"189":0,"190":0,"191":0,"192":0,"193":0,"194":0,"195":0,"196":0,"197":0,"198":0,"199":0,"200":0,"201":0,"202":0,"203":0,"204":0,"205":0,"206":0,"207":0,"208":0,"209":0,"210":0,"211":0,"212":0,"213":0,"214":0,"215":0,"216":0,"217":0,"218":0,"219":0,"220":0,"221":0,"222":0,"223":0,"224":0,"225":0,"226":0,"227":0,"228":0,"229":0,"230":0,"231":0,"232":0,"234":0,"235":0,"236":0,"237":0,"238":0,"239":0,"241":0,"243":0,"244":0,"245":0,"247":0,"248":0,"249":0,"250":0,"251":0,"252":0,"253":0,"254":0,"255":0,"256":0,"257":0,"258":0,"260":0,"261":0,"262":0,"263":0,"264":0,"265":0,"266":0,"267":0,"268":0,"270":0,"271":0,"272":0,"274":0,"275":0,"277":0,"278":0,"279":0,"280":0,"281":0,"282":0,"283":0,"284":0,"285":0,"286":0,"287":0,"288":0,"289":0,"290":0,"291":0,"292":0,"293":0,"294":0,"295":0,"296":0,"297":0,"298":0,"299":0,"300":0,"301":0,"302":0,"303":0,"304":0,"305":0,"306":0,"308":0,"309":0,"310":0,"311":0,"312":0,"314":0,"315":0,"316":0,"318":0,"319":0,"320":0,"322":0,"323":0,"324":0,"325":0,"327":0,"328":0,"329":0,"330":0,"331":0,"332":0,"334":0,"335":0,"336":0,"337":0,"338":0,"339":0,"340":0,"341":0,"342":0,"343":0,"344":0,"345":0,"346":0,"347":0,"348":0,"349":0,"350":0,"351":0,"352":0,"353":0,"354":0,"356":0,"357":0,"358":0,"360":0,"361":0,"363":0,"364":0,"365":0,"366":0,"367":0,"368":0,"369":0,"370":0,"371":0,"372":0,"373":0,"374":0,"375":0,"376":0,"377":0,"379":0,"380":0,"381":0,"383":0,"384":0,"385":0,"386":0,"388":0,"389":0,"390":0,"391":0,"392":0,"394":0,"395":0,"396":0,"397":0,"399":0,"400":0,"401":0,"402":0,"403":0,"404":0,"405":0,"406":0,"407":0,"408":0,"409":0,"410":0,"411":0,"412":0,"413":0,"414":0,"415":0,"416":0,"417":0,"418":0,"419":0,"420":0,"421":0,"423":0,"424":0,"425":0,"426":0,"427":0,"429":0,"430":0,"431":0,"432":0,"433":0,"434":0,"435":0,"436":0,"437":0,"438":0,"439":0,"440":0,"441":0,"442":0,"443":0,"444":0,"446":0,"447":0,"448":0,"449":0,"450":0,"451":0,"452":0,"454":0,"455":0,"456":0,"457":0,"458":0,"459":0,"460":0,"461":0,"462":0,"463":0,"464":0,"465":0,"466":0,"467":0,"468":0,"469":0,"470":0,"471":0,"472":0,"473":0,"474":0,"475":0,"476":0,"477":0,"478":0,"479":0,"480":0,"481":0,"482":0,"483":0,"484":0,"485":0,"486":0,"487":0,"489":0,"490":0,"491":0,"492":0,"493":0,"494":0,"495":0,"497":0,"499":0,"500":0,"501":0,"502":0,"503":0,"504":0,"505":0,"506":0,"507":0,"508":0,"509":0,"510":0,"511":0,"512":0,"513":0,"514":0,"515":0,"516":0,"517":0,"518":0,"519":0,"520":0,"521":0,"522":0,"523":0,"524":0,"525":0,"526":0,"527":0,"528":0,"529":0,"530":0,"531":0,"532":0,"533":0,"534":0,"535":0,"536":0,"537":0,"538":0,"539":0,"540":0,"541":0,"542":0,"543":0,"544":0,"545":0,"546":0,"548":0,"549":0,"550":0,"551":0,"552":0,"553":0,"554":0,"556":0,"557":0,"558":0,"559":0,"560":0,"562":0,"563":0,"564":0,"565":0,"566":0,"567":0,"568":0,"569":0,"570":0,"571":0,"572":0,"574":0,"575":0,"576":0,"577":0,"578":0,"579":0,"580":0,"581":0,"582":0,"583":0,"584":0,"586":0,"587":0,"588":0,"590":0,"591":0,"592":0,"594":0,"595":0,"596":0,"597":0,"598":0,"599":0,"600":0,"602":0,"603":0,"604":0,"606":0,"607":0,"608":0,"609":0,"610":0,"611":0,"612":0,"613":0,"614":0,"615":0,"616":0,"617":0,"619":0,"620":0,"621":0,"622":0,"623":0,"624":0,"625":0,"626":0,"627":0,"629":0,"630":0,"631":0,"632":0,"633":0,"634":0,"636":0,"637":0,"638":0,"639":0,"640":0,"642":0,"643":0,"644":0,"645":0,"646":0,"647":0,"648":0,"649":0,"650":0,"651":0,"652":0,"653":0,"654":0,"655":0,"656":0,"657":0,"658":0,"659":0,"660":0,"661":0,"662":0,"663":0,"664":0,"665":0,"666":0,"667":0,"668":0,"669":0,"670":0,"671":0,"672":0,"673":0,"674":0,"675":0,"676":0,"678":0,"679":0,"680":0,"681":0,"683":0,"684":0,"685":0,"686":0,"687":0,"689":0,"690":0,"691":0,"692":0,"693":0,"694":0,"695":0,"697":0,"698":0,"699":0,"700":0,"701":0,"702":0,"703":0,"705":0,"706":0,"707":0,"708":0,"709":0,"710":0,"711":0,"712":0,"713":0,"714":0,"715":0,"717":0,"718":0,"719":0,"720":0,"721":0,"722":0,"723":0,"725":0,"726":0,"727":0,"728":0,"729":0,"730":0,"731":0,"732":0,"734":0,"735":0,"736":0,"737":0,"739":0,"740":0,"741":0,"742":0,"743":0,"745":0,"746":0,"747":0,"748":0,"749":0,"750":0,"751":0,"752":0,"754":0,"755":0,"756":0,"757":0,"758":0,"759":0,"761":0,"762":0,"763":0,"764":0,"765":0,"767":0,"768":0,"769":0,"770":0,"771":0,"772":0,"773":0,"774":0,"775":0,"776":0,"777":0,"778":0,"779":0,"780":0,"781":0,"782":0,"783":0,"784":0,"785":0,"786":0,"787":0,"788":0,"789":0,"790":0,"791":0,"792":0,"793":0,"794":0,"795":0,"796":0,"797":0,"798":0,"799":0,"800":0,"801":0,"802":0,"803":0,"804":0,"805":0,"806":0,"807":0,"808":0,"809":0,"810":0,"811":0,"812":0,"813":0,"814":0,"815":0,"816":0,"817":0},"branchMap":{"0":{"type":"branch","line":1,"loc":{"start":{"line":1,"column":0},"end":{"line":818,"column":84}},"locations":[{"start":{"line":1,"column":0},"end":{"line":818,"column":84}}]}},"b":{"0":[0]},"fnMap":{"0":{"name":"(empty-report)","decl":{"start":{"line":1,"column":0},"end":{"line":818,"column":84}},"loc":{"start":{"line":1,"column":0},"end":{"line":818,"column":84}},"line":1}},"f":{"0":0}}
,"/Users/quincarter/Documents/Dev/app-shell-starter/dist/src/view.mixin-CDMP80bE.js": {"path":"/Users/quincarter/Documents/Dev/app-shell-starter/dist/src/view.mixin-CDMP80bE.js","all":true,"statementMap":{"0":{"start":{"line":1,"column":0},"end":{"line":1,"column":85}},"1":{"start":{"line":2,"column":0},"end":{"line":2,"column":11}},"2":{"start":{"line":3,"column":0},"end":{"line":3,"column":28}},"3":{"start":{"line":4,"column":0},"end":{"line":4,"column":40}},"4":{"start":{"line":5,"column":0},"end":{"line":5,"column":790}},"5":{"start":{"line":6,"column":0},"end":{"line":6,"column":11}},"6":{"start":{"line":7,"column":0},"end":{"line":7,"column":28}},"7":{"start":{"line":8,"column":0},"end":{"line":8,"column":40}},"8":{"start":{"line":9,"column":0},"end":{"line":9,"column":1907}}},"s":{"0":0,"1":0,"2":0,"3":0,"4":0,"5":0,"6":0,"7":0,"8":0},"branchMap":{"0":{"type":"branch","line":1,"loc":{"start":{"line":1,"column":0},"end":{"line":9,"column":1657}},"locations":[{"start":{"line":1,"column":0},"end":{"line":9,"column":1657}}]}},"b":{"0":[0]},"fnMap":{"0":{"name":"(empty-report)","decl":{"start":{"line":1,"column":0},"end":{"line":9,"column":1657}},"loc":{"start":{"line":1,"column":0},"end":{"line":9,"column":1657}},"line":1}},"f":{"0":0}}
,"/Users/quincarter/Documents/Dev/app-shell-starter/dist/src/vite-mfe-lWuqr0Gp.js": {"path":"/Users/quincarter/Documents/Dev/app-shell-starter/dist/src/vite-mfe-lWuqr0Gp.js","all":true,"statementMap":{"0":{"start":{"line":1,"column":0},"end":{"line":1,"column":469}}},"s":{"0":0},"branchMap":{"0":{"type":"branch","line":1,"loc":{"start":{"line":1,"column":0},"end":{"line":1,"column":299}},"locations":[{"start":{"line":1,"column":0},"end":{"line":1,"column":299}}]}},"b":{"0":[0]},"fnMap":{"0":{"name":"(empty-report)","decl":{"start":{"line":1,"column":0},"end":{"line":1,"column":299}},"loc":{"start":{"line":1,"column":0},"end":{"line":1,"column":299}},"line":1}},"f":{"0":0}}
,"/Users/quincarter/Documents/Dev/app-shell-starter/public/detect-color-scheme.js": {"path":"/Users/quincarter/Documents/Dev/app-shell-starter/public/detect-color-scheme.js","all":true,"statementMap":{"0":{"start":{"line":1,"column":0},"end":{"line":1,"column":40}},"1":{"start":{"line":2,"column":0},"end":{"line":2,"column":30}},"2":{"start":{"line":3,"column":0},"end":{"line":3,"column":41}},"4":{"start":{"line":5,"column":0},"end":{"line":5,"column":55}},"5":{"start":{"line":6,"column":0},"end":{"line":6,"column":38}},"6":{"start":{"line":7,"column":0},"end":{"line":7,"column":50}},"7":{"start":{"line":8,"column":0},"end":{"line":8,"column":25}},"8":{"start":{"line":9,"column":0},"end":{"line":9,"column":5}},"9":{"start":{"line":10,"column":0},"end":{"line":10,"column":34}},"10":{"start":{"line":11,"column":0},"end":{"line":11,"column":37}},"11":{"start":{"line":12,"column":0},"end":{"line":12,"column":17}},"12":{"start":{"line":13,"column":0},"end":{"line":13,"column":73}},"13":{"start":{"line":14,"column":0},"end":{"line":14,"column":39}},"14":{"start":{"line":15,"column":0},"end":{"line":15,"column":23}},"15":{"start":{"line":16,"column":0},"end":{"line":16,"column":3}},"17":{"start":{"line":18,"column":0},"end":{"line":18,"column":68}},"18":{"start":{"line":19,"column":0},"end":{"line":19,"column":24}},"19":{"start":{"line":20,"column":0},"end":{"line":20,"column":64}},"20":{"start":{"line":21,"column":0},"end":{"line":21,"column":3}},"21":{"start":{"line":22,"column":0},"end":{"line":22,"column":1}},"22":{"start":{"line":23,"column":0},"end":{"line":23,"column":20}}},"s":{"0":0,"1":0,"2":0,"4":0,"5":0,"6":0,"7":0,"8":0,"9":0,"10":0,"11":0,"12":0,"13":0,"14":0,"15":0,"17":0,"18":0,"19":0,"20":0,"21":0,"22":0},"branchMap":{"0":{"type":"branch","line":1,"loc":{"start":{"line":1,"column":0},"end":{"line":23,"column":20}},"locations":[{"start":{"line":1,"column":0},"end":{"line":23,"column":20}}]}},"b":{"0":[0]},"fnMap":{"0":{"name":"(empty-report)","decl":{"start":{"line":1,"column":0},"end":{"line":23,"column":20}},"loc":{"start":{"line":1,"column":0},"end":{"line":23,"column":20}},"line":1}},"f":{"0":0}}
,"/Users/quincarter/Documents/Dev/app-shell-starter/src/app-shell.styles.ts": {"path":"/Users/quincarter/Documents/Dev/app-shell-starter/src/app-shell.styles.ts","all":true,"statementMap":{"0":{"start":{"line":1,"column":0},"end":{"line":1,"column":26}},"2":{"start":{"line":3,"column":0},"end":{"line":3,"column":34}}},"s":{"0":0,"2":0},"branchMap":{"0":{"type":"branch","line":1,"loc":{"start":{"line":1,"column":0},"end":{"line":7,"column":-39}},"locations":[{"start":{"line":1,"column":0},"end":{"line":7,"column":-39}}]}},"b":{"0":[0]},"fnMap":{"0":{"name":"(empty-report)","decl":{"start":{"line":1,"column":0},"end":{"line":7,"column":-39}},"loc":{"start":{"line":1,"column":0},"end":{"line":7,"column":-39}},"line":1}},"f":{"0":0}}
,"/Users/quincarter/Documents/Dev/app-shell-starter/src/app-shell.ts": {"path":"/Users/quincarter/Documents/Dev/app-shell-starter/src/app-shell.ts","all":true,"statementMap":{"0":{"start":{"line":1,"column":0},"end":{"line":1,"column":39}},"1":{"start":{"line":2,"column":0},"end":{"line":2,"column":47}},"2":{"start":{"line":3,"column":0},"end":{"line":3,"column":77}},"3":{"start":{"line":4,"column":0},"end":{"line":4,"column":67}},"4":{"start":{"line":5,"column":0},"end":{"line":5,"column":52}},"5":{"start":{"line":6,"column":0},"end":{"line":6,"column":46}},"6":{"start":{"line":7,"column":0},"end":{"line":7,"column":64}},"7":{"start":{"line":8,"column":0},"end":{"line":8,"column":74}},"8":{"start":{"line":9,"column":0},"end":{"line":9,"column":60}},"9":{"start":{"line":10,"column":0},"end":{"line":10,"column":69}},"10":{"start":{"line":11,"column":0},"end":{"line":11,"column":72}},"11":{"start":{"line":12,"column":0},"end":{"line":12,"column":73}},"13":{"start":{"line":14,"column":0},"end":{"line":14,"column":62}},"14":{"start":{"line":15,"column":0},"end":{"line":15,"column":53}},"15":{"start":{"line":16,"column":0},"end":{"line":16,"column":71}},"16":{"start":{"line":17,"column":0},"end":{"line":17,"column":40}},"17":{"start":{"line":18,"column":0},"end":{"line":18,"column":40}},"18":{"start":{"line":19,"column":0},"end":{"line":19,"column":71}},"19":{"start":{"line":20,"column":0},"end":{"line":20,"column":66}},"27":{"start":{"line":28,"column":0},"end":{"line":28,"column":27}},"28":{"start":{"line":29,"column":0},"end":{"line":29,"column":42}},"29":{"start":{"line":30,"column":0},"end":{"line":30,"column":42}},"30":{"start":{"line":31,"column":0},"end":{"line":31,"column":28}},"31":{"start":{"line":32,"column":0},"end":{"line":32,"column":26}},"33":{"start":{"line":34,"column":0},"end":{"line":34,"column":40}},"34":{"start":{"line":35,"column":0},"end":{"line":35,"column":28}},"35":{"start":{"line":36,"column":0},"end":{"line":36,"column":26}},"37":{"start":{"line":38,"column":0},"end":{"line":38
[...]
,"/Users/quincarter/Documents/Dev/app-shell-starter/src/shared/utilities/app-root.utility.ts": {"path":"/Users/quincarter/Documents/Dev/app-shell-starter/src/shared/utilities/app-root.utility.ts","all":true,"statementMap":{"2":{"start":{"line":3,"column":0},"end":{"line":3,"column":31}},"9":{"start":{"line":10,"column":0},"end":{"line":10,"column":29}},"10":{"start":{"line":11,"column":0},"end":{"line":11,"column":27}},"11":{"start":{"line":12,"column":0},"end":{"line":12,"column":34}},"12":{"start":{"line":13,"column":0},"end":{"line":13,"column":5}},"13":{"start":{"line":14,"column":0},"end":{"line":14,"column":35}},"14":{"start":{"line":15,"column":0},"end":{"line":15,"column":49}},"15":{"start":{"line":16,"column":0},"end":{"line":16,"column":35}},"16":{"start":{"line":17,"column":0},"end":{"line":17,"column":20}},"17":{"start":{"line":18,"column":0},"end":{"line":18,"column":7}},"19":{"start":{"line":20,"column":0},"end":{"line":20,"column":28}},"20":{"start":{"line":21,"column":0},"end":{"line":21,"column":19}},"21":{"start":{"line":22,"column":0},"end":{"line":22,"column":7}},"23":{"start":{"line":24,"column":0},"end":{"line":24,"column":56}},"24":{"start":{"line":25,"column":0},"end":{"line":25,"column":36}},"25":{"start":{"line":26,"column":0},"end":{"line":26,"column":3}},"26":{"start":{"line":27,"column":0},"end":{"line":27,"column":1}}},"s":{"2":0,"9":0,"10":0,"11":0,"12":0,"13":0,"14":0,"15":0,"16":0,"17":0,"19":0,"20":0,"21":0,"23":0,"24":0,"25":0,"26":0},"branchMap":{"0":{"type":"branch","line":1,"loc":{"start":{"line":1,"column":739},"end":{"line":27,"column":1}},"locations":[{"start":{"line":1,"column":739},"end":{"line":27,"column":1}}]}},"b":{"0":[1]},"fnMap":{"0":{"name":"(empty-report)","decl":{"start":{"line":1,"column":739},"end":{"line":27,"column":1}},"loc":{"start":{"line":1,"column":739},"end":{"line":27,"column":1}},"line":1}},"f":{"0":1}}
,"/Users/quincarter/Documents/Dev/app-shell-starter/src/shared/utilities/mfe-loader.utility.ts": {"path":"/Users/quincarter/Documents/Dev/app-shell-starter/src/shared/utilities/mfe-loader.utility.ts","all":true,"statementMap":{"12":{"start":{"line":13,"column":0},"end":{"line":13,"column":24}},"15":{"start":{"line":16,"column":0},"end":{"line":16,"column":31}},"16":{"start":{"line":17,"column":0},"end":{"line":17,"column":28}},"17":{"start":{"line":18,"column":0},"end":{"line":18,"column":3}},"19":{"start":{"line":20,"column":0},"end":{"line":20,"column":16}},"20":{"start":{"line":21,"column":0},"end":{"line":21,"column":45}},"21":{"start":{"line":22,"column":0},"end":{"line":22,"column":40}},"22":{"start":{"line":23,"column":0},"end":{"line":23,"column":42}},"23":{"start":{"line":24,"column":0},"end":{"line":24,"column":7}},"24":{"start":{"line":25,"column":0},"end":{"line":25,"column":3}},"26":{"start":{"line":27,"column":0},"end":{"line":27,"column":66}},"27":{"start":{"line":28,"column":0},"end":{"line":28,"column":64}},"28":{"start":{"line":29,"column":0},"end":{"line":29,"column":54}},"29":{"start":{"line":30,"column":0},"end":{"line":30,"column":43}},"30":{"start":{"line":31,"column":0},"end":{"line":31,"column":42}},"31":{"start":{"line":32,"column":0},"end":{"line":32,"column":40}},"32":{"start":{"line":33,"column":0},"end":{"line":33,"column":38}},"33":{"start":{"line":34,"column":0},"end":{"line":34,"column":50}},"34":{"start":{"line":35,"column":0},"end":{"line":35,"column":46}},"35":{"start":{"line":36,"column":0},"end":{"line":36,"column":46}},"36":{"start":{"line":37,"column":0},"end":{"line":37,"column":5}},"37":{"start":{"line":38,"column":0},"end":{"line":38,"column":3}},"39":{"start":{"line":40,"column":0},"end":{"line":40,"column":64}},"40":{"start":{"line":41,"column":0},"end":{"line":41,"column":69}},"41":{"start":{"line":42,"column":0},"end":{"line":42,"column":50}},"42":{"start":{"line":43,"column":0},"end":{"line":43,"column":49}},"43":{"start":{"line":44,"column":0},"end":{"line":44,"column":42}},"44":{"start":{"line":45,"column":0},"end":{"line":45,"column":28}},"45":{"start":{"line":46,"column":0},"end":{"line":46,"column":25}},"46":{"start":{"line":47,"column":0},"end":{"line":47,"column":44}},"47":{"start":{"line":48,"column":0},"end":{"line":48,"column":5}},"48":{"start":{"line":49,"column":0},"end":{"line":49,"column":3}},"49":{"start":{"line":50,"column":0},"end":{"line":50,"column":1}}},"s":{"12":0,"15":0,"16":0,"17":0,"19":0,"20":0,"21":0,"22":0,"23":0,"24":0,"26":0,"27":0,"28":0,"29":0,"30":0,"31":0,"32":0,"33":0,"34":0,"35":0,"36":0,"37":0,"39":0,"40":0,"41":0,"42":0,"43":0,"44":0,"45":0,"46":0,"47":0,"48":0,"49":0},"branchMap":{"0":{"type":"branch","line":1,"loc":{"start":{"line":1,"column":1448},"end":{"line":50,"column":1}},"locations":[{"start":{"line":1,"column":1448},"end":{"line":50,"column":1}}]}},"b":{"0":[1]},"fnMap":{"0":{"name":"(empty-report)","decl":{"start":{"line":1,"column":1448},"end":{"line":50,"column":1}},"loc":{"start":{"line":1,"column":1448},"end":{"line":50,"column":1}},"line":1}},"f":{"0":1}}
,"/Users/quincarter/Documents/Dev/app-shell-starter/src/views/view.mixin.ts": {"path":"/Users/quincarter/Documents/Dev/app-shell-starter/src/views/view.mixin.ts","all":true,"statementMap":{"0":{"start":{"line":1,"column":0},"end":{"line":1,"column":39}},"1":{"start":{"line":2,"column":0},"end":{"line":2,"column":75}},"2":{"start":{"line":3,"column":0},"end":{"line":3,"column":52}},"3":{"start":{"line":4,"column":0},"end":{"line":4,"column":70}},"4":{"start":{"line":5,"column":0},"end":{"line":5,"column":73}},"5":{"start":{"line":6,"column":0},"end":{"line":6,"column":74}},"23":{"start":{"line":24,"column":0},"end":{"line":24,"column":80}},"24":{"start":{"line":25,"column":0},"end":{"line":25,"column":43}},"25":{"start":{"line":26,"column":0},"end":{"line":26,"column":61}},"26":{"start":{"line":27,"column":0},"end":{"line":27,"column":30}},"27":{"start":{"line":28,"column":0},"end":{"line":28,"column":29}},"29":{"start":{"line":30,"column":0},"end":{"line":30,"column":59}},"30":{"start":{"line":31,"column":0},"end":{"line":31,"column":12}},"31":{"start":{"line":32,"column":0},"end":{"line":32,"column":28}},"33":{"start":{"line":34,"column":0},"end":{"line":34,"column":60}},"34":{"start":{"line":35,"column":0},"end":{"line":35,"column":12}},"35":{"start":{"line":36,"column":0},"end":{"line":36,"column":37}},"37":{"start":{"line":38,"column":0},"end":{"line":38,"column":12}},"38":{"start":{"line":39,"column":0},"end":{"line":39,"column":17}},"40":{"start":{"line":41,"column":0},"end":{"line":41,"column":12}},"41":{"start":{"line":42,"column":0},"end":{"line":42,"column":43}},"43":{"start":{"line":44,"column":0},"end":{"line":44,"column":12}},"44":{"start":{"line":45,"column":0},"end":{"line":45,"column":29}},"46":{"start":{"line":47,"column":0},"end":{"line":47,"column":18}},"48":{"start":{"line":49,"column":0},"end":{"line":49,"column":31}},"49":{"start":{"line":50,"column":0},"end":{"line":50,"column":32}},"50":{"start":{"line":51,"column":0},"end":{"line":51,"column":35}},"52":{"start":{"line":53,"column":0},"end":{"line":53,"column":23}},"53":{"start":{"line":54,"column":0},"end":{"line":54,"column":50}},"54":{"start":{"line":55,"column":0},"end":{"line":55,"column":73}},"55":{"start":{"line":56,"column":0},"end":{"line":56,"column":13}},"56":{"start":{"line":57,"column":0},"end":{"line":57,"column":14}},"57":{"start":{"line":58,"column":0},"end":{"line":58,"column":50}},"58":{"start":{"line":59,"column":0},"end":{"line":59,"column":59}},"59":{"start":{"line":60,"column":0},"end":{"line":60,"column":13}},"60":{"start":{"line":61,"column":0},"end":{"line":61,"column":7}},"62":{"start":{"line":63,"column":0},"end":{"line":63,"column":29}},"63":{"start":{"line":64,"column":0},"end":{"line":64,"column":5}},"65":{"start":{"line":66,"column":0},"end":{"line":66,"column":70}},"66":{"start":{"line":67,"column":0},"end":{"line":67,"column":45}},"67":{"start":{"line":68,"column":0},"end":{"line":68,"column":18}},"68":{"start":{"line":69,"column":0},"end":{"line":69,"column":45}},"69":{"start":{"line":70,"column":0},"end":{"line":70,"column":44}},"70":{"start":{"line":71,"column":0},"end":{"line":71,"column":57}},"71":{"start":{"line":72,"column":0},"end":{"line":72,"column":9}},"72":{"start":{"line":73,"column":0},"end":{"line":73,"column":9}},"74":{"start":{"line":75,"column":0},"end":{"line":75,"column":20}},"75":{"start":{"line":76,"column":0},"end":{"line":76,"column":57}},"76":{"start":{"line":77,"column":0},"end":{"line":77,"column":43}},"77":{"start":{"line":78,"column":0},"end":{"line":78,"column":10}},"78":{"start":{"line":79,"column":0},"end":{"line":79,"column":40}},"79":{"start":{"line":80,"column":0},"end":{"line":80,"column":7}},"80":{"start":{"line":81,"column":0},"end":{"line":81,"column":5}},"81":{"start":{"line":82,"column":0},"end":{"line":82,"column":51}},"82":{"start":{"line":83,"column":0},"end":{"line":83,"column":51}},"83":{"start":{"line":84,"column":0},"end":{"line":84,"column":39}},"84":{"start":{"line":85,"column":0},"end":{"line":85,"column":58}},"85":{"start":{"line":86,"column":0},"end":{"line":86,"column":5}},"87":{"start":{"line":88,"column":0},"end":{"line":88,"column":72}},"88":{"start":{"line":89,"column":0},"end":{"line":89,"column":27}},"89":{"start":{"line":90,"column":0},"end":{"line":90,"column":39}},"90":{"start":{"line":91,"column":0},"end":{"line":91,"column":7}},"92":{"start":{"line":93,"column":0},"end":{"line":93,"column":44}},"93":{"start":{"line":94,"column":0},"end":{"line":94,"column":46}},"94":{"start":{"line":95,"column":0},"end":{"line":95,"column":16}},"95":{"start":{"line":96,"column":0},"end":{"line":96,"column":62}},"96":{"start":{"line":97,"column":0},"end":{"line":97,"column":43}},"97":{"start":{"line":98,"column":0},"end":{"line":98,"column":5}},"99":{"start":{"line":100,"column":0},"end":{"line":100,"column":44}},"100":{"start":{"line":101,"column":0},"end":{"line":101,"column":37}},"101":{"start":{"line":102,"column":0},"end":{"line":102,"column":5}},"102":{"start":{"line":103,"column":0},"end":{"line":103,"column":3}},"104":{"start":{"line":105,"column":0},"end":{"line":105,"column":74}},"105":{"start":{"line":106,"column":0},"end":{"line":106,"column":2}}},"s":{"0":0,"1":0,"2":0,"3":0,"4":0,"5":0,"23":0,"24":0,"25":0,"26":0,"27":0,"29":0,"30":0,"31":0,"33":0,"34":0,"35":0,"37":0,"38":0,"40":0,"41":0,"43":0,"44":0,"46":0,"48":0,"49":0,"50":0,"52":0,"53":0,"54":0,"55":0,"56":0,"57":0,"58":0,"59":0,"60":0,"62":0,"63":0,"65":0,"66":0,"67":0,"68":0,"69":0,"70":0,"71":0,"72":0,"74":0,"75":0,"76":0,"77":0,"78":0,"79":0,"80":0,"81":0,"82":0,"83":0,"84":0,"85":0,"87":0,"88":0,"89":0,"90":0,"92":0,"93":0,"94":0,"95":0,"96":0,"97":0,"99":0,"100":0,"101":0,"102":0,"104":0,"105":0},"branchMap":{"0":{"type":"branch","line":1,"loc":{"start":{"line":1,"column":0},"end":{"line":106,"column":-2116}},"locations":[{"start":{"line":1,"column":0},"end":{"line":106,"column":-2116}}]}},"b":{"0":[0]},"fnMap":{"0":{"name":"(empty-report)","decl":{"start":{"line":1,"column":0},"end":{"line":106,"column":-2116}},"loc":{"start":{"line":1,"column":0},"end":{"line":106,"column":-2116}},"line":1}},"f":{"0":0}}
,"/Users/quincarter/Documents/Dev/app-shell-starter/src/views/card-examples/card-examples.ts": {"path":"/Users/quincarter/Documents/Dev/app-shell-starter/src/views/card-examples/card-examples.ts","all":true,"statementMap":{"0":{"start":{"line":1,"column":0},"end":{"line":1,"column":64}},"1":{"start":{"line":2,"column":0},"end":{"line":2,"column":50}},"2":{"start":{"line":3,"column":0},"end":{"line":3,"column":63}},"3":{"start":{"line":4,"column":0},"end":{"line":4,"column":42}},"5":{"start":{"line":6,"column":0},"end":{"line":6,"column":31}},"6":{"start":{"line":7,"column":0},"end":{"line":7,"column":57}},"7":{"start":{"line":8,"column":0},"end":{"line":8,"column":27}},"8":{"start":{"line":9,"column":0},"end":{"line":9,"column":16}},"10":{"start":{"line":11,"column":0},"end":{"line":11,"column":19}},"11":{"start":{"line":12,"column":0},"end":{"line":12,"column":8}},"18":{"start":{"line":19,"column":0},"end":{"line":19,"column":4}},"20":{"start":{"line":21,"column":0},"end":{"line":21,"column":32}},"21":{"start":{"line":22,"column":0},"end":{"line":22,"column":26}},"22":{"start":{"line":23,"column":0},"end":{"line":23,"column":32}},"43":{"start":{"line":44,"column":0},"end":{"line":44,"column":51}},"54":{"start":{"line":55,"column":0},"end":{"line":55,"column":33}},"63":{"start":{"line":64,"column":0},"end":{"line":64,"column":51}},"80":{"start":{"line":81,"column":0},"end":{"line":81,"column":51}},"91":{"start":{"line":92,"column":0},"end":{"line":92,"column":6}},"92":{"start":{"line":93,"column":0},"end":{"line":93,"column":3}},"94":{"start":{"line":95,"column":0},"end":{"line":95,"column":46}},"95":{"start":{"line":96,"column":0},"end":{"line":96,"column":42}},"96":{"start":{"line":97,"column":0},"end":{"line":97,"column":3}},"97":{"start":{"line":98,"column":0},"end":{"line":98,"column":1}}},"s":{"0":0,"1":0,"2":0,"3":0,"5":0,"6":0,"7":0,"8":0,"10":0,"11":0,"18":0,"20":0,"21":0,"22":0,"43":0,"54":0,"63":0,"80":0,"91":0,"92":0,"94":0,"95":0,"96":0,"97":0},"branchMap":{"0":{"type":"branch","line":1,"loc":{"start":{"line":1,"column":0},"end":{"line":98,"column":-1296}},"locations":[{"start":{"line":1,"column":0},"end":{"line":98,"column":-1296}}]}},"b":{"0":[0]},"fnMap":{"0":{"name":"(empty-report)","decl":{"start":{"line":1,"column":0},"end":{"line":98,"column":-1296}},"loc":{"start":{"line":1,"column":0},"end":{"line":98,"column":-1296}},"line":1}},"f":{"0":0}}
,"/Users/quincarter/Documents/Dev/app-shell-starter/src/views/chart-examples/chart-examples.ts": {"path":"/Users/quincarter/Documents/Dev/app-shell-starter/src/views/chart-examples/chart-examples.ts","all":true,"statementMap":{"0":{"start":{"line":1,"column":0},"end":{"line":1,"column":64}},"1":{"start":{"line":2,"column":0},"end":{"line":2,"column":50}},"2":{"start":{"line":3,"column":0},"end":{"line":3,"column":42}},"4":{"start":{"line":5,"column":0},"end":{"line":5,"column":32}},"5":{"start":{"line":6,"column":0},"end":{"line":6,"column":58}},"6":{"start":{"line":7,"column":0},"end":{"line":7,"column":27}},"7":{"start":{"line":8,"column":0},"end":{"line":8,"column":16}},"9":{"start":{"line":10,"column":0},"end":{"line":10,"column":19}},"10":{"start":{"line":11,"column":0},"end":{"line":11,"column":8}},"18":{"start":{"line":19,"column":0},"end":{"line":19,"column":4}},"20":{"start":{"line":21,"column":0},"end":{"line":21,"column":32}},"21":{"start":{"line":22,"column":0},"end":{"line":22,"column":26}},"22":{"start":{"line":23,"column":0},"end":{"line":23,"column":33}},"30":{"start":{"line":31,"column":0},"end":{"line":31,"column":6}},"31":{"start":{"line":32,"column":0},"end":{"line":32,"column":3}},"32":{"start":{"line":33,"column":0},"end":{"line":33,"column":1}}},"s":{"0":0,"1":0,"2":0,"4":0,"5":0,"6":0,"7":0,"9":0,"10":0,"18":0,"20":0,"21":0,"22":0,"30":0,"31":0,"32":0},"branchMap":{"0":{"type":"branch","line":1,"loc":{"start":{"line":1,"column":0},"end":{"line":33,"column":-636}},"locations":[{"start":{"line":1,"column":0},"end":{"line":33,"column":-636}}]}},"b":{"0":[0]},"fnMap":{"0":{"name":"(empty-report)","decl":{"start":{"line":1,"column":0},"end":{"line":33,"column":-636}},"loc":{"start":{"line":1,"column":0},"end":{"line":33,"column":-636}},"line":1}},"f":{"0":0}}
,"/Users/quincarter/Documents/Dev/app-shell-starter/src/views/detail-page/detail-page.ts": {"path":"/Users/quincarter/Documents/Dev/app-shell-starter/src/views/detail-page/detail-page.ts","all":true,"statementMap":{"0":{"start":{"line":1,"column":0},"end":{"line":1,"column":59}},"1":{"start":{"line":2,"column":0},"end":{"line":2,"column":50}},"2":{"start":{"line":3,"column":0},"end":{"line":3,"column":42}},"4":{"start":{"line":5,"column":0},"end":{"line":5,"column":29}},"5":{"start":{"line":6,"column":0},"end":{"line":6,"column":55}},"6":{"start":{"line":7,"column":0},"end":{"line":7,"column":26}},"7":{"start":{"line":8,"column":0},"end":{"line":8,"column":26}},"9":{"start":{"line":10,"column":0},"end":{"line":10,"column":32}},"10":{"start":{"line":11,"column":0},"end":{"line":11,"column":37}},"12":{"start":{"line":13,"column":0},"end":{"line":13,"column":3}},"13":{"start":{"line":14,"column":0},"end":{"line":14,"column":1}}},"s":{"0":0,"1":0,"2":0,"4":0,"5":0,"6":0,"7":0,"9":0,"10":0,"12":0,"13":0},"branchMap":{"0":{"type":"branch","line":1,"loc":{"start":{"line":1,"column":413},"end":{"line":14,"column":1}},"locations":[{"start":{"line":1,"column":413},"end":{"line":14,"column":1}}]}},"b":{"0":[0]},"fnMap":{"0":{"name":"(empty-report)","decl":{"start":{"line":1,"column":413},"end":{"line":14,"column":1}},"loc":{"start":{"line":1,"column":413},"end":{"line":14,"column":1}},"line":1}},"f":{"0":0}}
,"/Users/quincarter/Documents/Dev/app-shell-starter/src/views/home-page/home-page.ts": {"path":"/Users/quincarter/Documents/Dev/app-shell-starter/src/views/home-page/home-page.ts","all":true,"statementMap":{"0":{"start":{"line":1,"column":0},"end":{"line":1,"column":59}},"1":{"start":{"line":2,"column":0},"end":{"line":2,"column":50}},"2":{"start":{"line":3,"column":0},"end":{"line":3,"column":42}},"4":{"start":{"line":5,"column":0},"end":{"line":5,"column":27}},"5":{"start":{"line":6,"column":0},"end":{"line":6,"column":53}},"6":{"start":{"line":7,"column":0},"end":{"line":7,"column":27}},"7":{"start":{"line":8,"column":0},"end":{"line":8,"column":26}},"8":{"start":{"line":9,"column":0},"end":{"line":9,"column":15}},"10":{"start":{"line":11,"column":0},"end":{"line":11,"column":32}},"11":{"start":{"line":12,"column":0},"end":{"line":12,"column":58}},"12":{"start":{"line":13,"column":0},"end":{"line":13,"column":3}},"13":{"start":{"line":14,"column":0},"end":{"line":14,"column":1}}},"s":{"0":0,"1":0,"2":0,"4":0,"5":0,"6":0,"7":0,"8":0,"10":0,"11":0,"12":0,"13":0},"branchMap":{"0":{"type":"branch","line":1,"loc":{"start":{"line":1,"column":406},"end":{"line":14,"column":1}},"locations":[{"start":{"line":1,"column":406},"end":{"line":14,"column":1}}]}},"b":{"0":[0]},"fnMap":{"0":{"name":"(empty-report)","decl":{"start":{"line":1,"column":406},"end":{"line":14,"column":1}},"loc":{"start":{"line":1,"column":406},"end":{"line":14,"column":1}},"line":1}},"f":{"0":0}}
,"/Users/quincarter/Documents/Dev/app-shell-starter/src/views/vite-mfe/vite-mfe.ts": {"path":"/Users/quincarter/Documents/Dev/app-shell-starter/src/views/vite-mfe/vite-mfe.ts","all":true,"statementMap":{"0":{"start":{"line":1,"column":0},"end":{"line":1,"column":59}},"1":{"start":{"line":2,"column":0},"end":{"line":2,"column":50}},"2":{"start":{"line":3,"column":0},"end":{"line":3,"column":42}},"4":{"start":{"line":5,"column":0},"end":{"line":5,"column":26}},"5":{"start":{"line":6,"column":0},"end":{"line":6,"column":52}},"6":{"start":{"line":7,"column":0},"end":{"line":7,"column":25}},"7":{"start":{"line":8,"column":0},"end":{"line":8,"column":26}},"8":{"start":{"line":9,"column":0},"end":{"line":9,"column":15}},"10":{"start":{"line":11,"column":0},"end":{"line":11,"column":32}},"11":{"start":{"line":12,"column":0},"end":{"line":12,"column":58}},"12":{"start":{"line":13,"column":0},"end":{"line":13,"column":3}},"13":{"start":{"line":14,"column":0},"end":{"line":14,"column":1}}},"s":{"0":0,"1":0,"2":0,"4":0,"5":0,"6":0,"7":0,"8":0,"10":0,"11":0,"12":0,"13":0},"branchMap":{"0":{"type":"branch","line":1,"loc":{"start":{"line":1,"column":402},"end":{"line":14,"column":1}},"locations":[{"start":{"line":1,"column":402},"end":{"line":14,"column":1}}]}},"b":{"0":[0]},"fnMap":{"0":{"name":"(empty-report)","decl":{"start":{"line":1,"column":402},"end":{"line":14,"column":1}},"loc":{"start":{"line":1,"column":402},"end":{"line":14,"column":1}},"line":1}},"f":{"0":0}}
}
